objc[33343]: Class AXEmojiUtilities is implemented in both /Applications/Xcode.app/Contents/Developer/Platforms/iPhoneSimulator.platform/Developer/SDKs/iPhoneSimulator7.1.sdk/System/Library/PrivateFrameworks/AccessibilityUtilities.framework/AccessibilityUtilities and /Applications/Xcode.app/Contents/Developer/Platforms/iPhoneSimulator.platform/Developer/SDKs/iPhoneSimulator7.1.sdk/usr/lib/libAXSpeechManager.dylib. One of the two will be used. Which one is undefined.
2014-08-05 04:49:23.009 Facing[33343:70b] Cannot find executable for CFBundle 0xa899b50 </Applications/Xcode.app/Contents/Developer/Platforms/iPhoneSimulator.platform/Developer/SDKs/iPhoneSimulator7.1.sdk/System/Library/AccessibilityBundles/CertUIFramework.axbundle> (not loaded)
2014-08-05 04:49:23.017 Facing[33343:70b] Cannot find executable for CFBundle 0xa8b5d30 </Applications/Xcode.app/Contents/Developer/Platforms/iPhoneSimulator.platform/Developer/SDKs/iPhoneSimulator7.1.sdk/System/Library/AccessibilityBundles/GeoServices.axbundle> (not loaded)
2014-08-05 04:49:23.081 Facing[33343:70b] Multi-tasking -> Device: YES, App: YES
2014-08-05 04:49:23.133 Facing[33343:70b] Unlimited access to network resources
2014-08-05 04:49:23.137 Facing[33343:70b] 

Started backup to iCloud! Please be careful.
Your application might rejected by Apple if you store too much data.
For more information please read "iOS Data Storage Guidelines"
You could find it at the following address https://developer.apple.com/icloud/documentation/data-storage/ .

2014-08-05 04:49:23.233 Facing[33343:70b] WARNING: The splashscreen image named Default-Portrait was not found
2014-08-05 04:49:23.234 Facing[33343:70b] [CDVTimer][splashscreen] 61.798036ms
2014-08-05 04:49:23.234 Facing[33343:70b] [CDVTimer][TotalPluginStartup] 62.269986ms
2014-08-05 04:49:23.245 Facing[33343:70b] WARNING: The splashscreen image named Default-Portrait was not found
2014-08-05 04:49:23.249 Facing[33343:70b] WARNING: The splashscreen image named Default-Portrait was not found
2014-08-05 04:49:23.251 Facing[33343:70b] WARNING: The splashscreen image named Default-Portrait was not found
2014-08-05 04:49:23.593 Facing[33343:70b] Resetting plugins due to page load.
2014-08-05 04:49:24.763 Facing[33343:70b] Finished load of: file:///Users/manifestinteractive/Library/Application%20Support/iPhone%20Simulator/7.1/Applications/582EFF6C-1578-401F-AEF3-F0DF2ACC25AE/Facing.app/www/index.html
2014-08-05 04:49:25.031 Facing[33343:70b] Received Event: deviceready
objc[40572]: Class AXEmojiUtilities is implemented in both /Applications/Xcode.app/Contents/Developer/Platforms/iPhoneSimulator.platform/Developer/SDKs/iPhoneSimulator7.1.sdk/System/Library/PrivateFrameworks/AccessibilityUtilities.framework/AccessibilityUtilities and /Applications/Xcode.app/Contents/Developer/Platforms/iPhoneSimulator.platform/Developer/SDKs/iPhoneSimulator7.1.sdk/usr/lib/libAXSpeechManager.dylib. One of the two will be used. Which one is undefined.
2014-08-05 06:18:22.127 Facing[40572:70b] Cannot find executable for CFBundle 0xa9d41b0 </Applications/Xcode.app/Contents/Developer/Platforms/iPhoneSimulator.platform/Developer/SDKs/iPhoneSimulator7.1.sdk/System/Library/AccessibilityBundles/GeoServices.axbundle> (not loaded)
2014-08-05 06:18:22.135 Facing[40572:70b] Cannot find executable for CFBundle 0xa7afc50 </Applications/Xcode.app/Contents/Developer/Platforms/iPhoneSimulator.platform/Developer/SDKs/iPhoneSimulator7.1.sdk/System/Library/AccessibilityBundles/CertUIFramework.axbundle> (not loaded)
2014-08-05 06:18:22.163 Facing[40572:70b] Multi-tasking -> Device: YES, App: YES
2014-08-05 06:18:22.169 Facing[40572:70b] Unlimited access to network resources
2014-08-05 06:18:22.172 Facing[40572:70b] 

Started backup to iCloud! Please be careful.
Your application might rejected by Apple if you store too much data.
For more information please read "iOS Data Storage Guidelines"
You could find it at the following address https://developer.apple.com/icloud/documentation/data-storage/ .

2014-08-05 06:18:22.192 Facing[40572:70b] WARNING: The splashscreen image named Default-Portrait was not found
2014-08-05 06:18:22.193 Facing[40572:70b] [CDVTimer][splashscreen] 7.829010ms
2014-08-05 06:18:22.193 Facing[40572:70b] [CDVTimer][TotalPluginStartup] 8.174002ms
2014-08-05 06:18:22.194 Facing[40572:70b] WARNING: The splashscreen image named Default-Portrait was not found
2014-08-05 06:18:22.196 Facing[40572:70b] WARNING: The splashscreen image named Default-Portrait was not found
2014-08-05 06:18:22.197 Facing[40572:70b] WARNING: The splashscreen image named Default-Portrait was not found
2014-08-05 06:18:22.223 Facing[40572:70b] Resetting plugins due to page load.
2014-08-05 06:18:22.256 Facing[40572:70b] Finished load of: file:///Users/manifestinteractive/Library/Application%20Support/iPhone%20Simulator/7.1/Applications/07423E87-744F-41C2-8685-4FDB92328D2C/Facing.app/www/index.html
2014-08-05 06:18:22.290 Facing[40572:70b] Received Event: deviceready
objc[40812]: Class AXEmojiUtilities is implemented in both /Applications/Xcode.app/Contents/Developer/Platforms/iPhoneSimulator.platform/Developer/SDKs/iPhoneSimulator7.1.sdk/System/Library/PrivateFrameworks/AccessibilityUtilities.framework/AccessibilityUtilities and /Applications/Xcode.app/Contents/Developer/Platforms/iPhoneSimulator.platform/Developer/SDKs/iPhoneSimulator7.1.sdk/usr/lib/libAXSpeechManager.dylib. One of the two will be used. Which one is undefined.
2014-08-05 06:19:14.940 Facing[40812:70b] Cannot find executable for CFBundle 0xae88b50 </Applications/Xcode.app/Contents/Developer/Platforms/iPhoneSimulator.platform/Developer/SDKs/iPhoneSimulator7.1.sdk/System/Library/AccessibilityBundles/GeoServices.axbundle> (not loaded)
2014-08-05 06:19:14.948 Facing[40812:70b] Cannot find executable for CFBundle 0xaa93280 </Applications/Xcode.app/Contents/Developer/Platforms/iPhoneSimulator.platform/Developer/SDKs/iPhoneSimulator7.1.sdk/System/Library/AccessibilityBundles/CertUIFramework.axbundle> (not loaded)
2014-08-05 06:19:14.992 Facing[40812:70b] Multi-tasking -> Device: YES, App: YES
2014-08-05 06:19:14.998 Facing[40812:70b] Unlimited access to network resources
2014-08-05 06:19:15.000 Facing[40812:70b] 

Started backup to iCloud! Please be careful.
Your application might rejected by Apple if you store too much data.
For more information please read "iOS Data Storage Guidelines"
You could find it at the following address https://developer.apple.com/icloud/documentation/data-storage/ .

2014-08-05 06:19:15.022 Facing[40812:70b] WARNING: The splashscreen image named Default-Portrait was not found
2014-08-05 06:19:15.022 Facing[40812:70b] [CDVTimer][splashscreen] 7.584989ms
2014-08-05 06:19:15.022 Facing[40812:70b] [CDVTimer][TotalPluginStartup] 7.947028ms
2014-08-05 06:19:15.027 Facing[40812:70b] WARNING: The splashscreen image named Default-Portrait was not found
2014-08-05 06:19:15.029 Facing[40812:70b] WARNING: The splashscreen image named Default-Portrait was not found
2014-08-05 06:19:15.030 Facing[40812:70b] WARNING: The splashscreen image named Default-Portrait was not found
2014-08-05 06:19:15.118 Facing[40812:70b] Resetting plugins due to page load.
2014-08-05 06:19:15.155 Facing[40812:70b] Finished load of: file:///Users/manifestinteractive/Library/Application%20Support/iPhone%20Simulator/7.1/Applications/286686B9-0261-44C8-8438-A2DCC5ED70FC/Facing.app/www/index.html
2014-08-05 06:19:15.197 Facing[40812:70b] Received Event: deviceready
objc[41484]: Class AXEmojiUtilities is implemented in both /Applications/Xcode.app/Contents/Developer/Platforms/iPhoneSimulator.platform/Developer/SDKs/iPhoneSimulator7.1.sdk/System/Library/PrivateFrameworks/AccessibilityUtilities.framework/AccessibilityUtilities and /Applications/Xcode.app/Contents/Developer/Platforms/iPhoneSimulator.platform/Developer/SDKs/iPhoneSimulator7.1.sdk/usr/lib/libAXSpeechManager.dylib. One of the two will be used. Which one is undefined.
2014-08-05 06:23:33.574 Facing[41484:70b] Cannot find executable for CFBundle 0xaa5e780 </Applications/Xcode.app/Contents/Developer/Platforms/iPhoneSimulator.platform/Developer/SDKs/iPhoneSimulator7.1.sdk/System/Library/AccessibilityBundles/GeoServices.axbundle> (not loaded)
2014-08-05 06:23:33.584 Facing[41484:70b] Cannot find executable for CFBundle 0xa947e20 </Applications/Xcode.app/Contents/Developer/Platforms/iPhoneSimulator.platform/Developer/SDKs/iPhoneSimulator7.1.sdk/System/Library/AccessibilityBundles/CertUIFramework.axbundle> (not loaded)
2014-08-05 06:23:33.613 Facing[41484:70b] Multi-tasking -> Device: YES, App: YES
2014-08-05 06:23:33.621 Facing[41484:70b] Unlimited access to network resources
2014-08-05 06:23:33.623 Facing[41484:70b] 

Started backup to iCloud! Please be careful.
Your application might rejected by Apple if you store too much data.
For more information please read "iOS Data Storage Guidelines"
You could find it at the following address https://developer.apple.com/icloud/documentation/data-storage/ .

2014-08-05 06:23:33.649 Facing[41484:70b] WARNING: The splashscreen image named Default-Portrait was not found
2014-08-05 06:23:33.650 Facing[41484:70b] [CDVTimer][splashscreen] 9.146988ms
2014-08-05 06:23:33.650 Facing[41484:70b] [CDVTimer][TotalPluginStartup] 9.567022ms
2014-08-05 06:23:33.655 Facing[41484:70b] WARNING: The splashscreen image named Default-Portrait was not found
2014-08-05 06:23:33.658 Facing[41484:70b] WARNING: The splashscreen image named Default-Portrait was not found
2014-08-05 06:23:33.659 Facing[41484:70b] WARNING: The splashscreen image named Default-Portrait was not found
2014-08-05 06:23:33.746 Facing[41484:70b] Resetting plugins due to page load.
2014-08-05 06:23:33.798 Facing[41484:70b] Finished load of: file:///Users/manifestinteractive/Library/Application%20Support/iPhone%20Simulator/7.1/Applications/06C887C4-A7BE-4ED4-9613-1F591E957142/Facing.app/www/index.html
2014-08-05 06:23:33.844 Facing[41484:70b] Received Event: deviceready
2014-08-05 06:24:10.758 Facing[41740:70b] Multi-tasking -> Device: YES, App: YES
2014-08-05 06:24:10.768 Facing[41740:70b] Unlimited access to network resources
2014-08-05 06:24:10.772 Facing[41740:70b] 

Started backup to iCloud! Please be careful.
Your application might rejected by Apple if you store too much data.
For more information please read "iOS Data Storage Guidelines"
You could find it at the following address https://developer.apple.com/icloud/documentation/data-storage/ .

2014-08-05 06:24:10.806 Facing[41740:70b] WARNING: The splashscreen image named Default-Portrait was not found
2014-08-05 06:24:10.806 Facing[41740:70b] [CDVTimer][splashscreen] 13.718009ms
2014-08-05 06:24:10.807 Facing[41740:70b] [CDVTimer][TotalPluginStartup] 14.456987ms
2014-08-05 06:24:10.816 Facing[41740:70b] WARNING: The splashscreen image named Default-Portrait was not found
2014-08-05 06:24:10.820 Facing[41740:70b] WARNING: The splashscreen image named Default-Portrait was not found
2014-08-05 06:24:10.822 Facing[41740:70b] WARNING: The splashscreen image named Default-Portrait was not found
2014-08-05 06:24:10.924 Facing[41740:70b] Resetting plugins due to page load.
2014-08-05 06:24:10.980 Facing[41740:70b] Finished load of: file:///Users/manifestinteractive/Library/Application%20Support/iPhone%20Simulator/7.1/Applications/14C023B0-6D1E-406B-BBBF-B78717E18B31/Facing.app/www/index.html
2014-08-05 06:24:11.023 Facing[41740:70b] Received Event: deviceready
objc[42145]: Class AXEmojiUtilities is implemented in both /Applications/Xcode.app/Contents/Developer/Platforms/iPhoneSimulator.platform/Developer/SDKs/iPhoneSimulator7.1.sdk/System/Library/PrivateFrameworks/AccessibilityUtilities.framework/AccessibilityUtilities and /Applications/Xcode.app/Contents/Developer/Platforms/iPhoneSimulator.platform/Developer/SDKs/iPhoneSimulator7.1.sdk/usr/lib/libAXSpeechManager.dylib. One of the two will be used. Which one is undefined.
2014-08-05 06:26:49.285 Facing[42145:70b] Cannot find executable for CFBundle 0xae90780 </Applications/Xcode.app/Contents/Developer/Platforms/iPhoneSimulator.platform/Developer/SDKs/iPhoneSimulator7.1.sdk/System/Library/AccessibilityBundles/CertUIFramework.axbundle> (not loaded)
2014-08-05 06:26:49.292 Facing[42145:70b] Cannot find executable for CFBundle 0xaa9cf60 </Applications/Xcode.app/Contents/Developer/Platforms/iPhoneSimulator.platform/Developer/SDKs/iPhoneSimulator7.1.sdk/System/Library/AccessibilityBundles/GeoServices.axbundle> (not loaded)
2014-08-05 06:26:49.332 Facing[42145:70b] Multi-tasking -> Device: YES, App: YES
2014-08-05 06:26:49.342 Facing[42145:70b] Unlimited access to network resources
2014-08-05 06:26:49.346 Facing[42145:70b] 

Started backup to iCloud! Please be careful.
Your application might rejected by Apple if you store too much data.
For more information please read "iOS Data Storage Guidelines"
You could find it at the following address https://developer.apple.com/icloud/documentation/data-storage/ .

2014-08-05 06:26:49.375 Facing[42145:70b] WARNING: The splashscreen image named Default-Portrait was not found
2014-08-05 06:26:49.375 Facing[42145:70b] [CDVTimer][splashscreen] 10.607004ms
2014-08-05 06:26:49.376 Facing[42145:70b] [CDVTimer][TotalPluginStartup] 11.102974ms
2014-08-05 06:26:49.377 Facing[42145:70b] WARNING: The splashscreen image named Default-Portrait was not found
2014-08-05 06:26:49.380 Facing[42145:70b] WARNING: The splashscreen image named Default-Portrait was not found
2014-08-05 06:26:49.381 Facing[42145:70b] WARNING: The splashscreen image named Default-Portrait was not found
2014-08-05 06:26:49.480 Facing[42145:70b] Resetting plugins due to page load.
2014-08-05 06:26:49.544 Facing[42145:70b] Finished load of: file:///Users/manifestinteractive/Library/Application%20Support/iPhone%20Simulator/7.1/Applications/14C023B0-6D1E-406B-BBBF-B78717E18B31/Facing.app/www/index.html
2014-08-05 06:26:49.587 Facing[42145:70b] Received Event: deviceready
objc[42425]: Class AXEmojiUtilities is implemented in both /Applications/Xcode.app/Contents/Developer/Platforms/iPhoneSimulator.platform/Developer/SDKs/iPhoneSimulator7.1.sdk/System/Library/PrivateFrameworks/AccessibilityUtilities.framework/AccessibilityUtilities and /Applications/Xcode.app/Contents/Developer/Platforms/iPhoneSimulator.platform/Developer/SDKs/iPhoneSimulator7.1.sdk/usr/lib/libAXSpeechManager.dylib. One of the two will be used. Which one is undefined.
2014-08-05 06:27:19.327 Facing[42425:70b] Cannot find executable for CFBundle 0xa8b6c60 </Applications/Xcode.app/Contents/Developer/Platforms/iPhoneSimulator.platform/Developer/SDKs/iPhoneSimulator7.1.sdk/System/Library/AccessibilityBundles/GeoServices.axbundle> (not loaded)
2014-08-05 06:27:19.339 Facing[42425:70b] Cannot find executable for CFBundle 0xa8e3c30 </Applications/Xcode.app/Contents/Developer/Platforms/iPhoneSimulator.platform/Developer/SDKs/iPhoneSimulator7.1.sdk/System/Library/AccessibilityBundles/CertUIFramework.axbundle> (not loaded)
2014-08-05 06:27:19.372 Facing[42425:70b] Multi-tasking -> Device: YES, App: YES
2014-08-05 06:27:19.378 Facing[42425:70b] Unlimited access to network resources
2014-08-05 06:27:19.380 Facing[42425:70b] 

Started backup to iCloud! Please be careful.
Your application might rejected by Apple if you store too much data.
For more information please read "iOS Data Storage Guidelines"
You could find it at the following address https://developer.apple.com/icloud/documentation/data-storage/ .

2014-08-05 06:27:19.403 Facing[42425:70b] WARNING: The splashscreen image named Default-Portrait was not found
2014-08-05 06:27:19.404 Facing[42425:70b] [CDVTimer][splashscreen] 8.453012ms
2014-08-05 06:27:19.404 Facing[42425:70b] [CDVTimer][TotalPluginStartup] 8.828998ms
2014-08-05 06:27:19.405 Facing[42425:70b] WARNING: The splashscreen image named Default-Portrait was not found
2014-08-05 06:27:19.408 Facing[42425:70b] WARNING: The splashscreen image named Default-Portrait was not found
2014-08-05 06:27:19.409 Facing[42425:70b] WARNING: The splashscreen image named Default-Portrait was not found
2014-08-05 06:27:19.510 Facing[42425:70b] Resetting plugins due to page load.
2014-08-05 06:27:19.575 Facing[42425:70b] Finished load of: file:///Users/manifestinteractive/Library/Application%20Support/iPhone%20Simulator/7.1/Applications/14C023B0-6D1E-406B-BBBF-B78717E18B31/Facing.app/www/index.html
2014-08-05 06:27:19.636 Facing[42425:70b] Received Event: deviceready
objc[43657]: Class AXEmojiUtilities is implemented in both /Applications/Xcode.app/Contents/Developer/Platforms/iPhoneSimulator.platform/Developer/SDKs/iPhoneSimulator7.1.sdk/System/Library/PrivateFrameworks/AccessibilityUtilities.framework/AccessibilityUtilities and /Applications/Xcode.app/Contents/Developer/Platforms/iPhoneSimulator.platform/Developer/SDKs/iPhoneSimulator7.1.sdk/usr/lib/libAXSpeechManager.dylib. One of the two will be used. Which one is undefined.
2014-08-05 06:32:03.266 Facing[43657:70b] Cannot find executable for CFBundle 0xacba710 </Applications/Xcode.app/Contents/Developer/Platforms/iPhoneSimulator.platform/Developer/SDKs/iPhoneSimulator7.1.sdk/System/Library/AccessibilityBundles/CertUIFramework.axbundle> (not loaded)
2014-08-05 06:32:03.271 Facing[43657:70b] Cannot find executable for CFBundle 0xa870790 </Applications/Xcode.app/Contents/Developer/Platforms/iPhoneSimulator.platform/Developer/SDKs/iPhoneSimulator7.1.sdk/System/Library/AccessibilityBundles/GeoServices.axbundle> (not loaded)
2014-08-05 06:32:03.313 Facing[43657:70b] Multi-tasking -> Device: YES, App: YES
2014-08-05 06:32:03.319 Facing[43657:70b] Unlimited access to network resources
2014-08-05 06:32:03.321 Facing[43657:70b] 

Started backup to iCloud! Please be careful.
Your application might rejected by Apple if you store too much data.
For more information please read "iOS Data Storage Guidelines"
You could find it at the following address https://developer.apple.com/icloud/documentation/data-storage/ .

2014-08-05 06:32:03.343 Facing[43657:70b] WARNING: The splashscreen image named Default-Portrait was not found
2014-08-05 06:32:03.344 Facing[43657:70b] [CDVTimer][splashscreen] 7.818997ms
2014-08-05 06:32:03.344 Facing[43657:70b] [CDVTimer][TotalPluginStartup] 8.210957ms
2014-08-05 06:32:03.349 Facing[43657:70b] WARNING: The splashscreen image named Default-Portrait was not found
2014-08-05 06:32:03.352 Facing[43657:70b] WARNING: The splashscreen image named Default-Portrait was not found
2014-08-05 06:32:03.353 Facing[43657:70b] WARNING: The splashscreen image named Default-Portrait was not found
2014-08-05 06:32:03.437 Facing[43657:70b] Resetting plugins due to page load.
2014-08-05 06:32:03.473 Facing[43657:70b] Finished load of: file:///Users/manifestinteractive/Library/Application%20Support/iPhone%20Simulator/7.1/Applications/865DA0C8-A830-41F0-9BD9-F645020D6553/Facing.app/www/index.html
2014-08-05 06:32:03.515 Facing[43657:70b] Received Event: deviceready
objc[44042]: Class AXEmojiUtilities is implemented in both /Applications/Xcode.app/Contents/Developer/Platforms/iPhoneSimulator.platform/Developer/SDKs/iPhoneSimulator7.1.sdk/System/Library/PrivateFrameworks/AccessibilityUtilities.framework/AccessibilityUtilities and /Applications/Xcode.app/Contents/Developer/Platforms/iPhoneSimulator.platform/Developer/SDKs/iPhoneSimulator7.1.sdk/usr/lib/libAXSpeechManager.dylib. One of the two will be used. Which one is undefined.
2014-08-05 06:34:33.604 Facing[44042:70b] Cannot find executable for CFBundle 0xac380b0 </Applications/Xcode.app/Contents/Developer/Platforms/iPhoneSimulator.platform/Developer/SDKs/iPhoneSimulator7.1.sdk/System/Library/AccessibilityBundles/GeoServices.axbundle> (not loaded)
2014-08-05 06:34:33.614 Facing[44042:70b] Cannot find executable for CFBundle 0xad5b6b0 </Applications/Xcode.app/Contents/Developer/Platforms/iPhoneSimulator.platform/Developer/SDKs/iPhoneSimulator7.1.sdk/System/Library/AccessibilityBundles/CertUIFramework.axbundle> (not loaded)
2014-08-05 06:34:33.640 Facing[44042:70b] Multi-tasking -> Device: YES, App: YES
2014-08-05 06:34:33.649 Facing[44042:70b] Unlimited access to network resources
2014-08-05 06:34:33.652 Facing[44042:70b] 

Started backup to iCloud! Please be careful.
Your application might rejected by Apple if you store too much data.
For more information please read "iOS Data Storage Guidelines"
You could find it at the following address https://developer.apple.com/icloud/documentation/data-storage/ .

2014-08-05 06:34:33.675 Facing[44042:70b] WARNING: The splashscreen image named Default-Portrait was not found
2014-08-05 06:34:33.676 Facing[44042:70b] [CDVTimer][splashscreen] 9.998024ms
2014-08-05 06:34:33.676 Facing[44042:70b] [CDVTimer][TotalPluginStartup] 10.393023ms
2014-08-05 06:34:33.678 Facing[44042:70b] WARNING: The splashscreen image named Default-Portrait was not found
2014-08-05 06:34:33.680 Facing[44042:70b] WARNING: The splashscreen image named Default-Portrait was not found
2014-08-05 06:34:33.681 Facing[44042:70b] WARNING: The splashscreen image named Default-Portrait was not found
2014-08-05 06:34:33.771 Facing[44042:70b] Resetting plugins due to page load.
2014-08-05 06:34:33.845 Facing[44042:70b] Finished load of: file:///Users/manifestinteractive/Library/Application%20Support/iPhone%20Simulator/7.1/Applications/865DA0C8-A830-41F0-9BD9-F645020D6553/Facing.app/www/index.html
2014-08-05 06:34:33.907 Facing[44042:70b] Received Event: deviceready
objc[44277]: Class AXEmojiUtilities is implemented in both /Applications/Xcode.app/Contents/Developer/Platforms/iPhoneSimulator.platform/Developer/SDKs/iPhoneSimulator7.1.sdk/System/Library/PrivateFrameworks/AccessibilityUtilities.framework/AccessibilityUtilities and /Applications/Xcode.app/Contents/Developer/Platforms/iPhoneSimulator.platform/Developer/SDKs/iPhoneSimulator7.1.sdk/usr/lib/libAXSpeechManager.dylib. One of the two will be used. Which one is undefined.
2014-08-05 06:34:48.044 Facing[44277:70b] Cannot find executable for CFBundle 0xab79850 </Applications/Xcode.app/Contents/Developer/Platforms/iPhoneSimulator.platform/Developer/SDKs/iPhoneSimulator7.1.sdk/System/Library/AccessibilityBundles/CertUIFramework.axbundle> (not loaded)
2014-08-05 06:34:48.052 Facing[44277:70b] Cannot find executable for CFBundle 0xa9b5790 </Applications/Xcode.app/Contents/Developer/Platforms/iPhoneSimulator.platform/Developer/SDKs/iPhoneSimulator7.1.sdk/System/Library/AccessibilityBundles/GeoServices.axbundle> (not loaded)
2014-08-05 06:34:48.086 Facing[44277:70b] Multi-tasking -> Device: YES, App: YES
2014-08-05 06:34:48.094 Facing[44277:70b] Unlimited access to network resources
2014-08-05 06:34:48.097 Facing[44277:70b] 

Started backup to iCloud! Please be careful.
Your application might rejected by Apple if you store too much data.
For more information please read "iOS Data Storage Guidelines"
You could find it at the following address https://developer.apple.com/icloud/documentation/data-storage/ .

2014-08-05 06:34:48.123 Facing[44277:70b] WARNING: The splashscreen image named Default-Portrait was not found
2014-08-05 06:34:48.124 Facing[44277:70b] [CDVTimer][splashscreen] 10.147989ms
2014-08-05 06:34:48.124 Facing[44277:70b] [CDVTimer][TotalPluginStartup] 10.575056ms
2014-08-05 06:34:48.126 Facing[44277:70b] WARNING: The splashscreen image named Default-Portrait was not found
2014-08-05 06:34:48.128 Facing[44277:70b] WARNING: The splashscreen image named Default-Portrait was not found
2014-08-05 06:34:48.129 Facing[44277:70b] WARNING: The splashscreen image named Default-Portrait was not found
2014-08-05 06:34:48.217 Facing[44277:70b] Resetting plugins due to page load.
2014-08-05 06:34:48.267 Facing[44277:70b] Finished load of: file:///Users/manifestinteractive/Library/Application%20Support/iPhone%20Simulator/7.1/Applications/865DA0C8-A830-41F0-9BD9-F645020D6553/Facing.app/www/index.html
2014-08-05 06:34:48.344 Facing[44277:70b] Received Event: deviceready
objc[44613]: Class AXEmojiUtilities is implemented in both /Applications/Xcode.app/Contents/Developer/Platforms/iPhoneSimulator.platform/Developer/SDKs/iPhoneSimulator7.1.sdk/System/Library/PrivateFrameworks/AccessibilityUtilities.framework/AccessibilityUtilities and /Applications/Xcode.app/Contents/Developer/Platforms/iPhoneSimulator.platform/Developer/SDKs/iPhoneSimulator7.1.sdk/usr/lib/libAXSpeechManager.dylib. One of the two will be used. Which one is undefined.
2014-08-05 06:36:04.756 Facing[44613:70b] Cannot find executable for CFBundle 0xa78a110 </Applications/Xcode.app/Contents/Developer/Platforms/iPhoneSimulator.platform/Developer/SDKs/iPhoneSimulator7.1.sdk/System/Library/AccessibilityBundles/GeoServices.axbundle> (not loaded)
2014-08-05 06:36:04.766 Facing[44613:70b] Cannot find executable for CFBundle 0xab8a070 </Applications/Xcode.app/Contents/Developer/Platforms/iPhoneSimulator.platform/Developer/SDKs/iPhoneSimulator7.1.sdk/System/Library/AccessibilityBundles/CertUIFramework.axbundle> (not loaded)
2014-08-05 06:36:04.795 Facing[44613:70b] Multi-tasking -> Device: YES, App: YES
2014-08-05 06:36:04.802 Facing[44613:70b] Unlimited access to network resources
2014-08-05 06:36:04.805 Facing[44613:70b] 

Started backup to iCloud! Please be careful.
Your application might rejected by Apple if you store too much data.
For more information please read "iOS Data Storage Guidelines"
You could find it at the following address https://developer.apple.com/icloud/documentation/data-storage/ .

2014-08-05 06:36:04.832 Facing[44613:70b] WARNING: The splashscreen image named Default-Portrait was not found
2014-08-05 06:36:04.832 Facing[44613:70b] [CDVTimer][splashscreen] 9.962976ms
2014-08-05 06:36:04.833 Facing[44613:70b] [CDVTimer][TotalPluginStartup] 10.384023ms
2014-08-05 06:36:04.834 Facing[44613:70b] WARNING: The splashscreen image named Default-Portrait was not found
2014-08-05 06:36:04.837 Facing[44613:70b] WARNING: The splashscreen image named Default-Portrait was not found
2014-08-05 06:36:04.838 Facing[44613:70b] WARNING: The splashscreen image named Default-Portrait was not found
2014-08-05 06:36:04.925 Facing[44613:70b] Resetting plugins due to page load.
2014-08-05 06:36:04.992 Facing[44613:70b] Finished load of: file:///Users/manifestinteractive/Library/Application%20Support/iPhone%20Simulator/7.1/Applications/865DA0C8-A830-41F0-9BD9-F645020D6553/Facing.app/www/index.html
2014-08-05 06:36:05.060 Facing[44613:70b] Received Event: deviceready
objc[1618]: Class AXEmojiUtilities is implemented in both /Applications/Xcode.app/Contents/Developer/Platforms/iPhoneSimulator.platform/Developer/SDKs/iPhoneSimulator7.1.sdk/System/Library/PrivateFrameworks/AccessibilityUtilities.framework/AccessibilityUtilities and /Applications/Xcode.app/Contents/Developer/Platforms/iPhoneSimulator.platform/Developer/SDKs/iPhoneSimulator7.1.sdk/usr/lib/libAXSpeechManager.dylib. One of the two will be used. Which one is undefined.
2014-08-05 22:09:55.392 Facing[1618:70b] Cannot find executable for CFBundle 0xaa67a50 </Applications/Xcode.app/Contents/Developer/Platforms/iPhoneSimulator.platform/Developer/SDKs/iPhoneSimulator7.1.sdk/System/Library/AccessibilityBundles/GeoServices.axbundle> (not loaded)
2014-08-05 22:09:55.419 Facing[1618:70b] Cannot find executable for CFBundle 0xa77ae60 </Applications/Xcode.app/Contents/Developer/Platforms/iPhoneSimulator.platform/Developer/SDKs/iPhoneSimulator7.1.sdk/System/Library/AccessibilityBundles/CertUIFramework.axbundle> (not loaded)
2014-08-05 22:09:55.539 Facing[1618:70b] Multi-tasking -> Device: YES, App: YES
2014-08-05 22:09:55.575 Facing[1618:70b] Unlimited access to network resources
2014-08-05 22:09:55.580 Facing[1618:70b] 

Started backup to iCloud! Please be careful.
Your application might rejected by Apple if you store too much data.
For more information please read "iOS Data Storage Guidelines"
You could find it at the following address https://developer.apple.com/icloud/documentation/data-storage/ .

2014-08-05 22:09:55.855 Facing[1618:70b] WARNING: The splashscreen image named Default-Portrait was not found
2014-08-05 22:09:55.856 Facing[1618:70b] [CDVTimer][splashscreen] 77.587008ms
2014-08-05 22:09:55.856 Facing[1618:70b] [CDVTimer][TotalPluginStartup] 78.099966ms
2014-08-05 22:09:55.858 Facing[1618:70b] WARNING: The splashscreen image named Default-Portrait was not found
2014-08-05 22:09:55.865 Facing[1618:70b] WARNING: The splashscreen image named Default-Portrait was not found
2014-08-05 22:09:55.866 Facing[1618:70b] WARNING: The splashscreen image named Default-Portrait was not found
2014-08-05 22:09:56.147 Facing[1618:70b] Resetting plugins due to page load.
2014-08-05 22:09:56.231 Facing[1618:70b] Finished load of: file:///Users/manifestinteractive/Library/Application%20Support/iPhone%20Simulator/7.1/Applications/865DA0C8-A830-41F0-9BD9-F645020D6553/Facing.app/www/index.html
2014-08-05 22:09:56.890 Facing[1618:70b] Received Event: deviceready
objc[2596]: Class AXEmojiUtilities is implemented in both /Applications/Xcode.app/Contents/Developer/Platforms/iPhoneSimulator.platform/Developer/SDKs/iPhoneSimulator7.1.sdk/System/Library/PrivateFrameworks/AccessibilityUtilities.framework/AccessibilityUtilities and /Applications/Xcode.app/Contents/Developer/Platforms/iPhoneSimulator.platform/Developer/SDKs/iPhoneSimulator7.1.sdk/usr/lib/libAXSpeechManager.dylib. One of the two will be used. Which one is undefined.
2014-08-05 22:23:43.977 Facing[2596:70b] Cannot find executable for CFBundle 0xb67e490 </Applications/Xcode.app/Contents/Developer/Platforms/iPhoneSimulator.platform/Developer/SDKs/iPhoneSimulator7.1.sdk/System/Library/AccessibilityBundles/CertUIFramework.axbundle> (not loaded)
2014-08-05 22:23:43.982 Facing[2596:70b] Cannot find executable for CFBundle 0xb69d290 </Applications/Xcode.app/Contents/Developer/Platforms/iPhoneSimulator.platform/Developer/SDKs/iPhoneSimulator7.1.sdk/System/Library/AccessibilityBundles/GeoServices.axbundle> (not loaded)
2014-08-05 22:23:44.038 Facing[2596:70b] Multi-tasking -> Device: YES, App: YES
2014-08-05 22:23:44.047 Facing[2596:70b] Unlimited access to network resources
2014-08-05 22:23:44.049 Facing[2596:70b] 

Started backup to iCloud! Please be careful.
Your application might rejected by Apple if you store too much data.
For more information please read "iOS Data Storage Guidelines"
You could find it at the following address https://developer.apple.com/icloud/documentation/data-storage/ .

2014-08-05 22:23:44.070 Facing[2596:70b] WARNING: The splashscreen image named Default-Portrait was not found
2014-08-05 22:23:44.070 Facing[2596:70b] [CDVTimer][splashscreen] 7.767022ms
2014-08-05 22:23:44.070 Facing[2596:70b] [CDVTimer][TotalPluginStartup] 8.166015ms
2014-08-05 22:23:44.072 Facing[2596:70b] WARNING: The splashscreen image named Default-Portrait was not found
2014-08-05 22:23:44.074 Facing[2596:70b] WARNING: The splashscreen image named Default-Portrait was not found
2014-08-05 22:23:44.075 Facing[2596:70b] WARNING: The splashscreen image named Default-Portrait was not found
2014-08-05 22:23:44.152 Facing[2596:70b] Resetting plugins due to page load.
2014-08-05 22:23:44.211 Facing[2596:70b] Finished load of: file:///Users/manifestinteractive/Library/Application%20Support/iPhone%20Simulator/7.1/Applications/865DA0C8-A830-41F0-9BD9-F645020D6553/Facing.app/www/index.html
2014-08-05 22:23:44.269 Facing[2596:70b] Received Event: deviceready
objc[3023]: Class AXEmojiUtilities is implemented in both /Applications/Xcode.app/Contents/Developer/Platforms/iPhoneSimulator.platform/Developer/SDKs/iPhoneSimulator7.1.sdk/System/Library/PrivateFrameworks/AccessibilityUtilities.framework/AccessibilityUtilities and /Applications/Xcode.app/Contents/Developer/Platforms/iPhoneSimulator.platform/Developer/SDKs/iPhoneSimulator7.1.sdk/usr/lib/libAXSpeechManager.dylib. One of the two will be used. Which one is undefined.
2014-08-05 22:27:53.108 Facing[3023:70b] Cannot find executable for CFBundle 0xa8b0260 </Applications/Xcode.app/Contents/Developer/Platforms/iPhoneSimulator.platform/Developer/SDKs/iPhoneSimulator7.1.sdk/System/Library/AccessibilityBundles/CertUIFramework.axbundle> (not loaded)
2014-08-05 22:27:53.113 Facing[3023:70b] Cannot find executable for CFBundle 0xae83d80 </Applications/Xcode.app/Contents/Developer/Platforms/iPhoneSimulator.platform/Developer/SDKs/iPhoneSimulator7.1.sdk/System/Library/AccessibilityBundles/GeoServices.axbundle> (not loaded)
2014-08-05 22:27:53.154 Facing[3023:70b] Multi-tasking -> Device: YES, App: YES
2014-08-05 22:27:53.160 Facing[3023:70b] Unlimited access to network resources
2014-08-05 22:27:53.162 Facing[3023:70b] 

Started backup to iCloud! Please be careful.
Your application might rejected by Apple if you store too much data.
For more information please read "iOS Data Storage Guidelines"
You could find it at the following address https://developer.apple.com/icloud/documentation/data-storage/ .

2014-08-05 22:27:53.186 Facing[3023:70b] WARNING: The splashscreen image named Default-Portrait was not found
2014-08-05 22:27:53.186 Facing[3023:70b] [CDVTimer][splashscreen] 8.693993ms
2014-08-05 22:27:53.187 Facing[3023:70b] [CDVTimer][TotalPluginStartup] 9.123981ms
2014-08-05 22:27:53.188 Facing[3023:70b] WARNING: The splashscreen image named Default-Portrait was not found
2014-08-05 22:27:53.191 Facing[3023:70b] WARNING: The splashscreen image named Default-Portrait was not found
2014-08-05 22:27:53.192 Facing[3023:70b] WARNING: The splashscreen image named Default-Portrait was not found
2014-08-05 22:27:53.254 Facing[3023:70b] Resetting plugins due to page load.
2014-08-05 22:27:53.296 Facing[3023:70b] Finished load of: file:///Users/manifestinteractive/Library/Application%20Support/iPhone%20Simulator/7.1/Applications/865DA0C8-A830-41F0-9BD9-F645020D6553/Facing.app/www/index.html
2014-08-05 22:27:53.342 Facing[3023:70b] Received Event: deviceready
objc[3268]: Class AXEmojiUtilities is implemented in both /Applications/Xcode.app/Contents/Developer/Platforms/iPhoneSimulator.platform/Developer/SDKs/iPhoneSimulator7.1.sdk/System/Library/PrivateFrameworks/AccessibilityUtilities.framework/AccessibilityUtilities and /Applications/Xcode.app/Contents/Developer/Platforms/iPhoneSimulator.platform/Developer/SDKs/iPhoneSimulator7.1.sdk/usr/lib/libAXSpeechManager.dylib. One of the two will be used. Which one is undefined.
2014-08-05 22:28:38.018 Facing[3268:70b] Cannot find executable for CFBundle 0xaa8fff0 </Applications/Xcode.app/Contents/Developer/Platforms/iPhoneSimulator.platform/Developer/SDKs/iPhoneSimulator7.1.sdk/System/Library/AccessibilityBundles/CertUIFramework.axbundle> (not loaded)
2014-08-05 22:28:38.024 Facing[3268:70b] Cannot find executable for CFBundle 0xa7aed40 </Applications/Xcode.app/Contents/Developer/Platforms/iPhoneSimulator.platform/Developer/SDKs/iPhoneSimulator7.1.sdk/System/Library/AccessibilityBundles/GeoServices.axbundle> (not loaded)
2014-08-05 22:28:38.052 Facing[3268:70b] Multi-tasking -> Device: YES, App: YES
2014-08-05 22:28:38.058 Facing[3268:70b] Unlimited access to network resources
2014-08-05 22:28:38.060 Facing[3268:70b] 

Started backup to iCloud! Please be careful.
Your application might rejected by Apple if you store too much data.
For more information please read "iOS Data Storage Guidelines"
You could find it at the following address https://developer.apple.com/icloud/documentation/data-storage/ .

2014-08-05 22:28:38.086 Facing[3268:70b] WARNING: The splashscreen image named Default-Portrait was not found
2014-08-05 22:28:38.086 Facing[3268:70b] [CDVTimer][splashscreen] 9.481013ms
2014-08-05 22:28:38.086 Facing[3268:70b] [CDVTimer][TotalPluginStartup] 9.841025ms
2014-08-05 22:28:38.088 Facing[3268:70b] WARNING: The splashscreen image named Default-Portrait was not found
2014-08-05 22:28:38.090 Facing[3268:70b] WARNING: The splashscreen image named Default-Portrait was not found
2014-08-05 22:28:38.091 Facing[3268:70b] WARNING: The splashscreen image named Default-Portrait was not found
2014-08-05 22:28:38.200 Facing[3268:70b] Resetting plugins due to page load.
2014-08-05 22:28:38.277 Facing[3268:70b] Finished load of: file:///Users/manifestinteractive/Library/Application%20Support/iPhone%20Simulator/7.1/Applications/865DA0C8-A830-41F0-9BD9-F645020D6553/Facing.app/www/index.html
2014-08-05 22:28:38.328 Facing[3268:70b] Received Event: deviceready
objc[6947]: Class AXEmojiUtilities is implemented in both /Applications/Xcode.app/Contents/Developer/Platforms/iPhoneSimulator.platform/Developer/SDKs/iPhoneSimulator7.1.sdk/System/Library/PrivateFrameworks/AccessibilityUtilities.framework/AccessibilityUtilities and /Applications/Xcode.app/Contents/Developer/Platforms/iPhoneSimulator.platform/Developer/SDKs/iPhoneSimulator7.1.sdk/usr/lib/libAXSpeechManager.dylib. One of the two will be used. Which one is undefined.
2014-08-05 23:28:50.512 Facing[6947:70b] Cannot find executable for CFBundle 0xac2a930 </Applications/Xcode.app/Contents/Developer/Platforms/iPhoneSimulator.platform/Developer/SDKs/iPhoneSimulator7.1.sdk/System/Library/AccessibilityBundles/GeoServices.axbundle> (not loaded)
2014-08-05 23:28:50.525 Facing[6947:70b] Cannot find executable for CFBundle 0xa7203f0 </Applications/Xcode.app/Contents/Developer/Platforms/iPhoneSimulator.platform/Developer/SDKs/iPhoneSimulator7.1.sdk/System/Library/AccessibilityBundles/CertUIFramework.axbundle> (not loaded)
2014-08-05 23:28:50.592 Facing[6947:70b] Multi-tasking -> Device: YES, App: YES
2014-08-05 23:28:50.601 Facing[6947:70b] Unlimited access to network resources
2014-08-05 23:28:50.606 Facing[6947:70b] 

Started backup to iCloud! Please be careful.
Your application might rejected by Apple if you store too much data.
For more information please read "iOS Data Storage Guidelines"
You could find it at the following address https://developer.apple.com/icloud/documentation/data-storage/ .

2014-08-05 23:28:50.639 Facing[6947:70b] WARNING: The splashscreen image named Default-Portrait was not found
2014-08-05 23:28:50.640 Facing[6947:70b] [CDVTimer][splashscreen] 13.390958ms
2014-08-05 23:28:50.640 Facing[6947:70b] [CDVTimer][TotalPluginStartup] 13.853967ms
2014-08-05 23:28:50.641 Facing[6947:70b] WARNING: The splashscreen image named Default-Portrait was not found
2014-08-05 23:28:50.644 Facing[6947:70b] WARNING: The splashscreen image named Default-Portrait was not found
2014-08-05 23:28:50.645 Facing[6947:70b] WARNING: The splashscreen image named Default-Portrait was not found
2014-08-05 23:28:50.748 Facing[6947:70b] Resetting plugins due to page load.
2014-08-05 23:28:50.803 Facing[6947:70b] Finished load of: file:///Users/manifestinteractive/Library/Application%20Support/iPhone%20Simulator/7.1/Applications/865DA0C8-A830-41F0-9BD9-F645020D6553/Facing.app/www/index.html
2014-08-05 23:28:50.894 Facing[6947:70b] Received Event: deviceready
objc[7169]: Class AXEmojiUtilities is implemented in both /Applications/Xcode.app/Contents/Developer/Platforms/iPhoneSimulator.platform/Developer/SDKs/iPhoneSimulator7.1.sdk/System/Library/PrivateFrameworks/AccessibilityUtilities.framework/AccessibilityUtilities and /Applications/Xcode.app/Contents/Developer/Platforms/iPhoneSimulator.platform/Developer/SDKs/iPhoneSimulator7.1.sdk/usr/lib/libAXSpeechManager.dylib. One of the two will be used. Which one is undefined.
2014-08-05 23:29:23.806 Facing[7169:70b] Cannot find executable for CFBundle 0xae3b640 </Applications/Xcode.app/Contents/Developer/Platforms/iPhoneSimulator.platform/Developer/SDKs/iPhoneSimulator7.1.sdk/System/Library/AccessibilityBundles/GeoServices.axbundle> (not loaded)
2014-08-05 23:29:23.820 Facing[7169:70b] Cannot find executable for CFBundle 0xa938b10 </Applications/Xcode.app/Contents/Developer/Platforms/iPhoneSimulator.platform/Developer/SDKs/iPhoneSimulator7.1.sdk/System/Library/AccessibilityBundles/CertUIFramework.axbundle> (not loaded)
2014-08-05 23:29:23.927 Facing[7169:70b] Multi-tasking -> Device: YES, App: YES
2014-08-05 23:29:23.938 Facing[7169:70b] Unlimited access to network resources
2014-08-05 23:29:23.941 Facing[7169:70b] 

Started backup to iCloud! Please be careful.
Your application might rejected by Apple if you store too much data.
For more information please read "iOS Data Storage Guidelines"
You could find it at the following address https://developer.apple.com/icloud/documentation/data-storage/ .

2014-08-05 23:29:23.973 Facing[7169:70b] WARNING: The splashscreen image named Default-Portrait was not found
2014-08-05 23:29:23.974 Facing[7169:70b] [CDVTimer][splashscreen] 11.968970ms
2014-08-05 23:29:23.974 Facing[7169:70b] [CDVTimer][TotalPluginStartup] 12.562037ms
2014-08-05 23:29:23.977 Facing[7169:70b] WARNING: The splashscreen image named Default-Portrait was not found
2014-08-05 23:29:23.981 Facing[7169:70b] WARNING: The splashscreen image named Default-Portrait was not found
2014-08-05 23:29:23.982 Facing[7169:70b] WARNING: The splashscreen image named Default-Portrait was not found
2014-08-05 23:29:24.272 Facing[7169:70b] Resetting plugins due to page load.
2014-08-05 23:29:24.317 Facing[7169:70b] Finished load of: file:///Users/manifestinteractive/Library/Application%20Support/iPhone%20Simulator/7.1/Applications/865DA0C8-A830-41F0-9BD9-F645020D6553/Facing.app/www/index.html
2014-08-05 23:29:24.378 Facing[7169:70b] Received Event: deviceready
2014-08-05 23:31:17.519 Facing[7169:70b] locationManager::didFailWithError (null)
objc[7705]: Class AXEmojiUtilities is implemented in both /Applications/Xcode.app/Contents/Developer/Platforms/iPhoneSimulator.platform/Developer/SDKs/iPhoneSimulator7.1.sdk/System/Library/PrivateFrameworks/AccessibilityUtilities.framework/AccessibilityUtilities and /Applications/Xcode.app/Contents/Developer/Platforms/iPhoneSimulator.platform/Developer/SDKs/iPhoneSimulator7.1.sdk/usr/lib/libAXSpeechManager.dylib. One of the two will be used. Which one is undefined.
2014-08-05 23:35:16.999 Facing[7705:70b] Cannot find executable for CFBundle 0xa7795b0 </Applications/Xcode.app/Contents/Developer/Platforms/iPhoneSimulator.platform/Developer/SDKs/iPhoneSimulator7.1.sdk/System/Library/AccessibilityBundles/CertUIFramework.axbundle> (not loaded)
2014-08-05 23:35:17.005 Facing[7705:70b] Cannot find executable for CFBundle 0xab7bdf0 </Applications/Xcode.app/Contents/Developer/Platforms/iPhoneSimulator.platform/Developer/SDKs/iPhoneSimulator7.1.sdk/System/Library/AccessibilityBundles/GeoServices.axbundle> (not loaded)
2014-08-05 23:35:17.076 Facing[7705:70b] Multi-tasking -> Device: YES, App: YES
2014-08-05 23:35:17.084 Facing[7705:70b] Unlimited access to network resources
2014-08-05 23:35:17.087 Facing[7705:70b] 

Started backup to iCloud! Please be careful.
Your application might rejected by Apple if you store too much data.
For more information please read "iOS Data Storage Guidelines"
You could find it at the following address https://developer.apple.com/icloud/documentation/data-storage/ .

2014-08-05 23:35:17.111 Facing[7705:70b] WARNING: The splashscreen image named Default-Portrait was not found
2014-08-05 23:35:17.111 Facing[7705:70b] [CDVTimer][splashscreen] 11.050045ms
2014-08-05 23:35:17.112 Facing[7705:70b] [CDVTimer][TotalPluginStartup] 11.399984ms
2014-08-05 23:35:17.113 Facing[7705:70b] WARNING: The splashscreen image named Default-Portrait was not found
2014-08-05 23:35:17.115 Facing[7705:70b] WARNING: The splashscreen image named Default-Portrait was not found
2014-08-05 23:35:17.116 Facing[7705:70b] WARNING: The splashscreen image named Default-Portrait was not found
2014-08-05 23:35:17.187 Facing[7705:70b] Resetting plugins due to page load.
2014-08-05 23:35:17.229 Facing[7705:70b] Finished load of: file:///Users/manifestinteractive/Library/Application%20Support/iPhone%20Simulator/7.1/Applications/865DA0C8-A830-41F0-9BD9-F645020D6553/Facing.app/www/index.html
2014-08-05 23:35:17.272 Facing[7705:70b] Received Event: deviceready
objc[8217]: Class AXEmojiUtilities is implemented in both /Applications/Xcode.app/Contents/Developer/Platforms/iPhoneSimulator.platform/Developer/SDKs/iPhoneSimulator7.1.sdk/System/Library/PrivateFrameworks/AccessibilityUtilities.framework/AccessibilityUtilities and /Applications/Xcode.app/Contents/Developer/Platforms/iPhoneSimulator.platform/Developer/SDKs/iPhoneSimulator7.1.sdk/usr/lib/libAXSpeechManager.dylib. One of the two will be used. Which one is undefined.
2014-08-05 23:40:51.983 Facing[8217:70b] Cannot find executable for CFBundle 0xae4fa50 </Applications/Xcode.app/Contents/Developer/Platforms/iPhoneSimulator.platform/Developer/SDKs/iPhoneSimulator7.1.sdk/System/Library/AccessibilityBundles/GeoServices.axbundle> (not loaded)
2014-08-05 23:40:51.992 Facing[8217:70b] Cannot find executable for CFBundle 0xae66940 </Applications/Xcode.app/Contents/Developer/Platforms/iPhoneSimulator.platform/Developer/SDKs/iPhoneSimulator7.1.sdk/System/Library/AccessibilityBundles/CertUIFramework.axbundle> (not loaded)
2014-08-05 23:40:52.020 Facing[8217:70b] Multi-tasking -> Device: YES, App: YES
2014-08-05 23:40:52.028 Facing[8217:70b] Unlimited access to network resources
2014-08-05 23:40:52.057 Facing[8217:70b] 

Started backup to iCloud! Please be careful.
Your application might rejected by Apple if you store too much data.
For more information please read "iOS Data Storage Guidelines"
You could find it at the following address https://developer.apple.com/icloud/documentation/data-storage/ .

2014-08-05 23:40:52.080 Facing[8217:70b] WARNING: The splashscreen image named Default-Portrait was not found
2014-08-05 23:40:52.081 Facing[8217:70b] [CDVTimer][splashscreen] 10.174990ms
2014-08-05 23:40:52.081 Facing[8217:70b] [CDVTimer][TotalPluginStartup] 10.619998ms
2014-08-05 23:40:52.082 Facing[8217:70b] WARNING: The splashscreen image named Default-Portrait was not found
2014-08-05 23:40:52.085 Facing[8217:70b] WARNING: The splashscreen image named Default-Portrait was not found
2014-08-05 23:40:52.086 Facing[8217:70b] WARNING: The splashscreen image named Default-Portrait was not found
2014-08-05 23:40:52.120 Facing[8217:70b] Resetting plugins due to page load.
2014-08-05 23:40:52.162 Facing[8217:70b] Finished load of: file:///Users/manifestinteractive/Library/Application%20Support/iPhone%20Simulator/7.1/Applications/865DA0C8-A830-41F0-9BD9-F645020D6553/Facing.app/www/index.html
2014-08-05 23:40:52.210 Facing[8217:70b] Started Watching Geolocation
2014-08-05 23:40:52.210 Facing[8217:70b] Started Watching Acceleration
2014-08-05 23:40:52.211 Facing[8217:70b] Received Event: deviceready
2014-08-05 23:40:52.213 Facing[8217:70b] {"latitude":37.33233141,"longitude":-122.0312186,"accuracy":5,"altitude":0,"heading":null,"speed":0,"altitudeAccuracy":-1}
2014-08-05 23:40:52.215 Facing[8217:70b] {"latitude":37.33233141,"longitude":-122.0312186,"accuracy":5,"altitude":0,"heading":null,"speed":0,"altitudeAccuracy":-1}
2014-08-05 23:40:52.959 Facing[8217:70b] {"latitude":37.33233141,"longitude":-122.0312186,"accuracy":5,"altitude":0,"heading":null,"speed":0,"altitudeAccuracy":-1}
2014-08-05 23:40:53.959 Facing[8217:70b] {"latitude":37.33233141,"longitude":-122.0312186,"accuracy":5,"altitude":0,"heading":null,"speed":0,"altitudeAccuracy":-1}
2014-08-05 23:40:54.960 Facing[8217:70b] {"latitude":37.33233141,"longitude":-122.0312186,"accuracy":5,"altitude":0,"heading":null,"speed":0,"altitudeAccuracy":-1}
2014-08-05 23:40:55.960 Facing[8217:70b] {"latitude":37.33233141,"longitude":-122.0312186,"accuracy":5,"altitude":0,"heading":null,"speed":0,"altitudeAccuracy":-1}
2014-08-05 23:40:56.961 Facing[8217:70b] {"latitude":37.33233141,"longitude":-122.0312186,"accuracy":5,"altitude":0,"heading":null,"speed":0,"altitudeAccuracy":-1}
2014-08-05 23:40:57.961 Facing[8217:70b] {"latitude":37.33233141,"longitude":-122.0312186,"accuracy":5,"altitude":0,"heading":null,"speed":0,"altitudeAccuracy":-1}
2014-08-05 23:40:58.971 Facing[8217:70b] {"latitude":37.33233141,"longitude":-122.0312186,"accuracy":5,"altitude":0,"heading":null,"speed":0,"altitudeAccuracy":-1}
2014-08-05 23:40:59.962 Facing[8217:70b] {"latitude":37.33233141,"longitude":-122.0312186,"accuracy":5,"altitude":0,"heading":null,"speed":0,"altitudeAccuracy":-1}
2014-08-05 23:41:00.962 Facing[8217:70b] {"latitude":37.33233141,"longitude":-122.0312186,"accuracy":5,"altitude":0,"heading":null,"speed":0,"altitudeAccuracy":-1}
2014-08-05 23:41:01.963 Facing[8217:70b] {"latitude":37.33233141,"longitude":-122.0312186,"accuracy":5,"altitude":0,"heading":null,"speed":0,"altitudeAccuracy":-1}
2014-08-05 23:41:02.964 Facing[8217:70b] {"latitude":37.33233141,"longitude":-122.0312186,"accuracy":5,"altitude":0,"heading":null,"speed":0,"altitudeAccuracy":-1}
2014-08-05 23:41:03.964 Facing[8217:70b] {"latitude":37.33233141,"longitude":-122.0312186,"accuracy":5,"altitude":0,"heading":null,"speed":0,"altitudeAccuracy":-1}
2014-08-05 23:41:04.965 Facing[8217:70b] {"latitude":37.33233141,"longitude":-122.0312186,"accuracy":5,"altitude":0,"heading":null,"speed":0,"altitudeAccuracy":-1}
2014-08-05 23:41:05.965 Facing[8217:70b] {"latitude":37.33233141,"longitude":-122.0312186,"accuracy":5,"altitude":0,"heading":null,"speed":0,"altitudeAccuracy":-1}
2014-08-05 23:41:06.965 Facing[8217:70b] {"latitude":37.33233141,"longitude":-122.0312186,"accuracy":5,"altitude":0,"heading":null,"speed":0,"altitudeAccuracy":-1}
2014-08-05 23:41:07.966 Facing[8217:70b] {"latitude":37.33233141,"longitude":-122.0312186,"accuracy":5,"altitude":0,"heading":null,"speed":0,"altitudeAccuracy":-1}
2014-08-05 23:41:08.966 Facing[8217:70b] {"latitude":37.33233141,"longitude":-122.0312186,"accuracy":5,"altitude":0,"heading":null,"speed":0,"altitudeAccuracy":-1}
2014-08-05 23:41:09.966 Facing[8217:70b] {"latitude":37.33233141,"longitude":-122.0312186,"accuracy":5,"altitude":0,"heading":null,"speed":0,"altitudeAccuracy":-1}
2014-08-05 23:41:10.967 Facing[8217:70b] {"latitude":37.33233141,"longitude":-122.0312186,"accuracy":5,"altitude":0,"heading":null,"speed":0,"altitudeAccuracy":-1}
2014-08-05 23:41:11.968 Facing[8217:70b] {"latitude":37.33233141,"longitude":-122.0312186,"accuracy":5,"altitude":0,"heading":null,"speed":0,"altitudeAccuracy":-1}
2014-08-05 23:41:12.968 Facing[8217:70b] {"latitude":37.33233141,"longitude":-122.0312186,"accuracy":5,"altitude":0,"heading":null,"speed":0,"altitudeAccuracy":-1}
2014-08-05 23:41:13.968 Facing[8217:70b] {"latitude":37.33233141,"longitude":-122.0312186,"accuracy":5,"altitude":0,"heading":null,"speed":0,"altitudeAccuracy":-1}
2014-08-05 23:41:14.969 Facing[8217:70b] {"latitude":37.33233141,"longitude":-122.0312186,"accuracy":5,"altitude":0,"heading":null,"speed":0,"altitudeAccuracy":-1}
2014-08-05 23:41:15.969 Facing[8217:70b] {"latitude":37.33233141,"longitude":-122.0312186,"accuracy":5,"altitude":0,"heading":null,"speed":0,"altitudeAccuracy":-1}
2014-08-05 23:41:16.970 Facing[8217:70b] {"latitude":37.33233141,"longitude":-122.0312186,"accuracy":5,"altitude":0,"heading":null,"speed":0,"altitudeAccuracy":-1}
2014-08-05 23:41:17.970 Facing[8217:70b] {"latitude":37.33233141,"longitude":-122.0312186,"accuracy":5,"altitude":0,"heading":null,"speed":0,"altitudeAccuracy":-1}
2014-08-05 23:41:18.970 Facing[8217:70b] {"latitude":37.33233141,"longitude":-122.0312186,"accuracy":5,"altitude":0,"heading":null,"speed":0,"altitudeAccuracy":-1}
2014-08-05 23:41:19.971 Facing[8217:70b] {"latitude":37.33233141,"longitude":-122.0312186,"accuracy":5,"altitude":0,"heading":null,"speed":0,"altitudeAccuracy":-1}
2014-08-05 23:41:20.971 Facing[8217:70b] {"latitude":37.33233141,"longitude":-122.0312186,"accuracy":5,"altitude":0,"heading":null,"speed":0,"altitudeAccuracy":-1}
2014-08-05 23:41:21.972 Facing[8217:70b] {"latitude":37.33233141,"longitude":-122.0312186,"accuracy":5,"altitude":0,"heading":null,"speed":0,"altitudeAccuracy":-1}
2014-08-05 23:41:22.972 Facing[8217:70b] {"latitude":37.33233141,"longitude":-122.0312186,"accuracy":5,"altitude":0,"heading":null,"speed":0,"altitudeAccuracy":-1}
2014-08-05 23:41:23.973 Facing[8217:70b] {"latitude":37.33233141,"longitude":-122.0312186,"accuracy":5,"altitude":0,"heading":null,"speed":0,"altitudeAccuracy":-1}
2014-08-05 23:41:24.973 Facing[8217:70b] {"latitude":37.33233141,"longitude":-122.0312186,"accuracy":5,"altitude":0,"heading":null,"speed":0,"altitudeAccuracy":-1}
2014-08-05 23:41:25.973 Facing[8217:70b] {"latitude":37.33233141,"longitude":-122.0312186,"accuracy":5,"altitude":0,"heading":null,"speed":0,"altitudeAccuracy":-1}
2014-08-05 23:41:26.974 Facing[8217:70b] {"latitude":37.33233141,"longitude":-122.0312186,"accuracy":5,"altitude":0,"heading":null,"speed":0,"altitudeAccuracy":-1}
2014-08-05 23:41:27.769 Facing[8217:70b] {"latitude":37.33233141,"longitude":-122.0312186,"accuracy":5,"altitude":0,"heading":null,"speed":0,"altitudeAccuracy":-1}
2014-08-05 23:41:27.770 Facing[8217:70b] {"latitude":37.33233141,"longitude":-122.0312186,"accuracy":5,"altitude":0,"heading":null,"speed":0,"altitudeAccuracy":-1}
2014-08-05 23:41:27.973 Facing[8217:70b] {"latitude":37.33233141,"longitude":-122.0312186,"accuracy":5,"altitude":0,"heading":null,"speed":0,"altitudeAccuracy":-1}
2014-08-05 23:41:28.974 Facing[8217:70b] {"latitude":37.33233141,"longitude":-122.0312186,"accuracy":5,"altitude":0,"heading":null,"speed":0,"altitudeAccuracy":-1}
2014-08-05 23:41:29.975 Facing[8217:70b] {"latitude":37.33233141,"longitude":-122.0312186,"accuracy":5,"altitude":0,"heading":null,"speed":0,"altitudeAccuracy":-1}
2014-08-05 23:41:30.975 Facing[8217:70b] {"latitude":37.33233141,"longitude":-122.0312186,"accuracy":5,"altitude":0,"heading":null,"speed":0,"altitudeAccuracy":-1}
2014-08-05 23:41:31.976 Facing[8217:70b] {"latitude":37.33233141,"longitude":-122.0312186,"accuracy":5,"altitude":0,"heading":null,"speed":0,"altitudeAccuracy":-1}
2014-08-05 23:41:32.975 Facing[8217:70b] {"latitude":37.33233141,"longitude":-122.0312186,"accuracy":5,"altitude":0,"heading":null,"speed":0,"altitudeAccuracy":-1}
2014-08-05 23:41:33.976 Facing[8217:70b] {"latitude":37.33233141,"longitude":-122.0312186,"accuracy":5,"altitude":0,"heading":null,"speed":0,"altitudeAccuracy":-1}
2014-08-05 23:41:34.976 Facing[8217:70b] {"latitude":37.33233141,"longitude":-122.0312186,"accuracy":5,"altitude":0,"heading":null,"speed":0,"altitudeAccuracy":-1}
2014-08-05 23:41:35.980 Facing[8217:70b] {"latitude":37.33233141,"longitude":-122.0312186,"accuracy":5,"altitude":0,"heading":null,"speed":0,"altitudeAccuracy":-1}
2014-08-05 23:41:36.978 Facing[8217:70b] {"latitude":37.33233141,"longitude":-122.0312186,"accuracy":5,"altitude":0,"heading":null,"speed":0,"altitudeAccuracy":-1}
2014-08-05 23:41:37.978 Facing[8217:70b] {"latitude":37.33233141,"longitude":-122.0312186,"accuracy":5,"altitude":0,"heading":null,"speed":0,"altitudeAccuracy":-1}
2014-08-05 23:41:38.979 Facing[8217:70b] {"latitude":37.33233141,"longitude":-122.0312186,"accuracy":5,"altitude":0,"heading":null,"speed":0,"altitudeAccuracy":-1}
2014-08-05 23:41:39.979 Facing[8217:70b] {"latitude":37.33233141,"longitude":-122.0312186,"accuracy":5,"altitude":0,"heading":null,"speed":0,"altitudeAccuracy":-1}
2014-08-05 23:41:40.979 Facing[8217:70b] {"latitude":37.33233141,"longitude":-122.0312186,"accuracy":5,"altitude":0,"heading":null,"speed":0,"altitudeAccuracy":-1}
2014-08-05 23:41:41.982 Facing[8217:70b] {"latitude":37.33233141,"longitude":-122.0312186,"accuracy":5,"altitude":0,"heading":null,"speed":0,"altitudeAccuracy":-1}
2014-08-05 23:41:42.980 Facing[8217:70b] {"latitude":37.33233141,"longitude":-122.0312186,"accuracy":5,"altitude":0,"heading":null,"speed":0,"altitudeAccuracy":-1}
2014-08-05 23:41:43.982 Facing[8217:70b] {"latitude":37.33233141,"longitude":-122.0312186,"accuracy":5,"altitude":0,"heading":null,"speed":0,"altitudeAccuracy":-1}
2014-08-05 23:41:44.981 Facing[8217:70b] {"latitude":37.33233141,"longitude":-122.0312186,"accuracy":5,"altitude":0,"heading":null,"speed":0,"altitudeAccuracy":-1}
2014-08-05 23:41:45.981 Facing[8217:70b] {"latitude":37.33233141,"longitude":-122.0312186,"accuracy":5,"altitude":0,"heading":null,"speed":0,"altitudeAccuracy":-1}
2014-08-05 23:41:46.982 Facing[8217:70b] {"latitude":37.33233141,"longitude":-122.0312186,"accuracy":5,"altitude":0,"heading":null,"speed":0,"altitudeAccuracy":-1}
2014-08-05 23:41:47.982 Facing[8217:70b] {"latitude":37.33233141,"longitude":-122.0312186,"accuracy":5,"altitude":0,"heading":null,"speed":0,"altitudeAccuracy":-1}
2014-08-05 23:41:48.983 Facing[8217:70b] {"latitude":37.33233141,"longitude":-122.0312186,"accuracy":5,"altitude":0,"heading":null,"speed":0,"altitudeAccuracy":-1}
2014-08-05 23:41:49.984 Facing[8217:70b] {"latitude":37.33233141,"longitude":-122.0312186,"accuracy":5,"altitude":0,"heading":null,"speed":0,"altitudeAccuracy":-1}
2014-08-05 23:41:50.984 Facing[8217:70b] {"latitude":37.33233141,"longitude":-122.0312186,"accuracy":5,"altitude":0,"heading":null,"speed":0,"altitudeAccuracy":-1}
2014-08-05 23:41:51.984 Facing[8217:70b] {"latitude":37.33233141,"longitude":-122.0312186,"accuracy":5,"altitude":0,"heading":null,"speed":0,"altitudeAccuracy":-1}
2014-08-05 23:41:52.985 Facing[8217:70b] {"latitude":37.33233141,"longitude":-122.0312186,"accuracy":5,"altitude":0,"heading":null,"speed":0,"altitudeAccuracy":-1}
2014-08-05 23:41:53.986 Facing[8217:70b] {"latitude":37.33233141,"longitude":-122.0312186,"accuracy":5,"altitude":0,"heading":null,"speed":0,"altitudeAccuracy":-1}
2014-08-05 23:41:54.986 Facing[8217:70b] {"latitude":37.33233141,"longitude":-122.0312186,"accuracy":5,"altitude":0,"heading":null,"speed":0,"altitudeAccuracy":-1}
2014-08-05 23:41:55.987 Facing[8217:70b] {"latitude":37.33233141,"longitude":-122.0312186,"accuracy":5,"altitude":0,"heading":null,"speed":0,"altitudeAccuracy":-1}
2014-08-05 23:41:56.988 Facing[8217:70b] {"latitude":37.33233141,"longitude":-122.0312186,"accuracy":5,"altitude":0,"heading":null,"speed":0,"altitudeAccuracy":-1}
2014-08-05 23:41:57.991 Facing[8217:70b] {"latitude":37.33233141,"longitude":-122.0312186,"accuracy":5,"altitude":0,"heading":null,"speed":0,"altitudeAccuracy":-1}
2014-08-05 23:41:58.990 Facing[8217:70b] {"latitude":37.33233141,"longitude":-122.0312186,"accuracy":5,"altitude":0,"heading":null,"speed":0,"altitudeAccuracy":-1}
2014-08-05 23:41:59.991 Facing[8217:70b] {"latitude":37.33233141,"longitude":-122.0312186,"accuracy":5,"altitude":0,"heading":null,"speed":0,"altitudeAccuracy":-1}
2014-08-05 23:42:00.992 Facing[8217:70b] {"latitude":37.33233141,"longitude":-122.0312186,"accuracy":5,"altitude":0,"heading":null,"speed":0,"altitudeAccuracy":-1}
2014-08-05 23:42:01.991 Facing[8217:70b] {"latitude":37.33233141,"longitude":-122.0312186,"accuracy":5,"altitude":0,"heading":null,"speed":0,"altitudeAccuracy":-1}
2014-08-05 23:42:02.991 Facing[8217:70b] {"latitude":37.33233141,"longitude":-122.0312186,"accuracy":5,"altitude":0,"heading":null,"speed":0,"altitudeAccuracy":-1}
2014-08-05 23:42:03.993 Facing[8217:70b] {"latitude":37.33233141,"longitude":-122.0312186,"accuracy":5,"altitude":0,"heading":null,"speed":0,"altitudeAccuracy":-1}
2014-08-05 23:42:04.992 Facing[8217:70b] {"latitude":37.33233141,"longitude":-122.0312186,"accuracy":5,"altitude":0,"heading":null,"speed":0,"altitudeAccuracy":-1}
2014-08-05 23:42:05.993 Facing[8217:70b] {"latitude":37.33233141,"longitude":-122.0312186,"accuracy":5,"altitude":0,"heading":null,"speed":0,"altitudeAccuracy":-1}
2014-08-05 23:42:06.994 Facing[8217:70b] {"latitude":37.33233141,"longitude":-122.0312186,"accuracy":5,"altitude":0,"heading":null,"speed":0,"altitudeAccuracy":-1}
2014-08-05 23:42:07.996 Facing[8217:70b] {"latitude":37.33233141,"longitude":-122.0312186,"accuracy":5,"altitude":0,"heading":null,"speed":0,"altitudeAccuracy":-1}
2014-08-05 23:42:08.997 Facing[8217:70b] {"latitude":37.33233141,"longitude":-122.0312186,"accuracy":5,"altitude":0,"heading":null,"speed":0,"altitudeAccuracy":-1}
2014-08-05 23:42:09.998 Facing[8217:70b] {"latitude":37.33233141,"longitude":-122.0312186,"accuracy":5,"altitude":0,"heading":null,"speed":0,"altitudeAccuracy":-1}
objc[8489]: Class AXEmojiUtilities is implemented in both /Applications/Xcode.app/Contents/Developer/Platforms/iPhoneSimulator.platform/Developer/SDKs/iPhoneSimulator7.1.sdk/System/Library/PrivateFrameworks/AccessibilityUtilities.framework/AccessibilityUtilities and /Applications/Xcode.app/Contents/Developer/Platforms/iPhoneSimulator.platform/Developer/SDKs/iPhoneSimulator7.1.sdk/usr/lib/libAXSpeechManager.dylib. One of the two will be used. Which one is undefined.
2014-08-05 23:42:11.316 Facing[8489:70b] Cannot find executable for CFBundle 0xa95a370 </Applications/Xcode.app/Contents/Developer/Platforms/iPhoneSimulator.platform/Developer/SDKs/iPhoneSimulator7.1.sdk/System/Library/AccessibilityBundles/GeoServices.axbundle> (not loaded)
2014-08-05 23:42:11.324 Facing[8489:70b] Cannot find executable for CFBundle 0xab4bdf0 </Applications/Xcode.app/Contents/Developer/Platforms/iPhoneSimulator.platform/Developer/SDKs/iPhoneSimulator7.1.sdk/System/Library/AccessibilityBundles/CertUIFramework.axbundle> (not loaded)
2014-08-05 23:42:11.354 Facing[8489:70b] Multi-tasking -> Device: YES, App: YES
2014-08-05 23:42:11.361 Facing[8489:70b] Unlimited access to network resources
2014-08-05 23:42:11.365 Facing[8489:70b] 

Started backup to iCloud! Please be careful.
Your application might rejected by Apple if you store too much data.
For more information please read "iOS Data Storage Guidelines"
You could find it at the following address https://developer.apple.com/icloud/documentation/data-storage/ .

2014-08-05 23:42:11.393 Facing[8489:70b] WARNING: The splashscreen image named Default-Portrait was not found
2014-08-05 23:42:11.393 Facing[8489:70b] [CDVTimer][splashscreen] 11.160970ms
2014-08-05 23:42:11.394 Facing[8489:70b] [CDVTimer][TotalPluginStartup] 11.629999ms
2014-08-05 23:42:11.395 Facing[8489:70b] WARNING: The splashscreen image named Default-Portrait was not found
2014-08-05 23:42:11.398 Facing[8489:70b] WARNING: The splashscreen image named Default-Portrait was not found
2014-08-05 23:42:11.400 Facing[8489:70b] WARNING: The splashscreen image named Default-Portrait was not found
2014-08-05 23:42:11.448 Facing[8489:70b] Resetting plugins due to page load.
2014-08-05 23:42:11.500 Facing[8489:70b] Finished load of: file:///Users/manifestinteractive/Library/Application%20Support/iPhone%20Simulator/7.1/Applications/865DA0C8-A830-41F0-9BD9-F645020D6553/Facing.app/www/index.html
2014-08-05 23:42:11.559 Facing[8489:70b] Started Watching Geolocation
2014-08-05 23:42:11.559 Facing[8489:70b] Started Watching Acceleration
2014-08-05 23:42:11.560 Facing[8489:70b] Received Event: deviceready
2014-08-05 23:42:52.473 Facing[8489:70b] Stopped Watching
2014-08-05 23:42:59.389 Facing[8489:70b] Started Watching Geolocation
2014-08-05 23:42:59.389 Facing[8489:70b] Started Watching Acceleration
2014-08-05 23:43:25.549 Facing[8489:70b] Stopped Watching
objc[46239]: Class AXEmojiUtilities is implemented in both /Applications/Xcode.app/Contents/Developer/Platforms/iPhoneSimulator.platform/Developer/SDKs/iPhoneSimulator7.1.sdk/System/Library/PrivateFrameworks/AccessibilityUtilities.framework/AccessibilityUtilities and /Applications/Xcode.app/Contents/Developer/Platforms/iPhoneSimulator.platform/Developer/SDKs/iPhoneSimulator7.1.sdk/usr/lib/libAXSpeechManager.dylib. One of the two will be used. Which one is undefined.
2014-08-08 17:02:26.969 Facing[46239:70b] Cannot find executable for CFBundle 0xab58010 </Applications/Xcode.app/Contents/Developer/Platforms/iPhoneSimulator.platform/Developer/SDKs/iPhoneSimulator7.1.sdk/System/Library/AccessibilityBundles/GeoServices.axbundle> (not loaded)
2014-08-08 17:02:26.976 Facing[46239:70b] Cannot find executable for CFBundle 0xae5b040 </Applications/Xcode.app/Contents/Developer/Platforms/iPhoneSimulator.platform/Developer/SDKs/iPhoneSimulator7.1.sdk/System/Library/AccessibilityBundles/CertUIFramework.axbundle> (not loaded)
2014-08-08 17:02:27.078 Facing[46239:70b] Multi-tasking -> Device: YES, App: YES
2014-08-08 17:02:27.100 Facing[46239:70b] Unlimited access to network resources
2014-08-08 17:02:27.104 Facing[46239:70b] 

Started backup to iCloud! Please be careful.
Your application might rejected by Apple if you store too much data.
For more information please read "iOS Data Storage Guidelines"
You could find it at the following address https://developer.apple.com/icloud/documentation/data-storage/ .

2014-08-08 17:02:27.259 Facing[46239:70b] WARNING: The splashscreen image named Default-Portrait was not found
2014-08-08 17:02:27.260 Facing[46239:70b] [CDVTimer][splashscreen] 57.479978ms
2014-08-08 17:02:27.260 Facing[46239:70b] [CDVTimer][TotalPluginStartup] 57.919025ms
2014-08-08 17:02:27.262 Facing[46239:70b] WARNING: The splashscreen image named Default-Portrait was not found
2014-08-08 17:02:27.266 Facing[46239:70b] WARNING: The splashscreen image named Default-Portrait was not found
2014-08-08 17:02:27.267 Facing[46239:70b] WARNING: The splashscreen image named Default-Portrait was not found
2014-08-08 17:02:27.491 Facing[46239:70b] Resetting plugins due to page load.
2014-08-08 17:02:27.644 Facing[46239:70b] Finished load of: file:///Users/manifestinteractive/Library/Application%20Support/iPhone%20Simulator/7.1/Applications/865DA0C8-A830-41F0-9BD9-F645020D6553/Facing.app/www/index.html
objc[35862]: Class AXEmojiUtilities is implemented in both /Applications/Xcode.app/Contents/Developer/Platforms/iPhoneSimulator.platform/Developer/SDKs/iPhoneSimulator7.1.sdk/System/Library/PrivateFrameworks/AccessibilityUtilities.framework/AccessibilityUtilities and /Applications/Xcode.app/Contents/Developer/Platforms/iPhoneSimulator.platform/Developer/SDKs/iPhoneSimulator7.1.sdk/usr/lib/libAXSpeechManager.dylib. One of the two will be used. Which one is undefined.
2014-08-09 17:42:30.021 Facing[35862:70b] Cannot find executable for CFBundle 0xaa96f90 </Applications/Xcode.app/Contents/Developer/Platforms/iPhoneSimulator.platform/Developer/SDKs/iPhoneSimulator7.1.sdk/System/Library/AccessibilityBundles/GeoServices.axbundle> (not loaded)
2014-08-09 17:42:30.034 Facing[35862:70b] Cannot find executable for CFBundle 0xa875f20 </Applications/Xcode.app/Contents/Developer/Platforms/iPhoneSimulator.platform/Developer/SDKs/iPhoneSimulator7.1.sdk/System/Library/AccessibilityBundles/CertUIFramework.axbundle> (not loaded)
2014-08-09 17:42:30.127 Facing[35862:70b] Multi-tasking -> Device: YES, App: YES
2014-08-09 17:42:30.198 Facing[35862:70b] Unlimited access to network resources
2014-08-09 17:42:30.207 Facing[35862:70b] 

Started backup to iCloud! Please be careful.
Your application might rejected by Apple if you store too much data.
For more information please read "iOS Data Storage Guidelines"
You could find it at the following address https://developer.apple.com/icloud/documentation/data-storage/ .

2014-08-09 17:42:30.606 Facing[35862:70b] WARNING: The splashscreen image named Default-Portrait was not found
2014-08-09 17:42:30.607 Facing[35862:70b] [CDVTimer][splashscreen] 95.704019ms
2014-08-09 17:42:30.607 Facing[35862:70b] [CDVTimer][TotalPluginStartup] 96.208990ms
2014-08-09 17:42:30.611 Facing[35862:70b] WARNING: The splashscreen image named Default-Portrait was not found
2014-08-09 17:42:30.618 Facing[35862:70b] WARNING: The splashscreen image named Default-Portrait was not found
2014-08-09 17:42:30.621 Facing[35862:70b] WARNING: The splashscreen image named Default-Portrait was not found
2014-08-09 17:42:30.961 Facing[35862:70b] Resetting plugins due to page load.
2014-08-09 17:42:31.081 Facing[35862:70b] Finished load of: file:///Users/manifestinteractive/Library/Application%20Support/iPhone%20Simulator/7.1/Applications/865DA0C8-A830-41F0-9BD9-F645020D6553/Facing.app/www/index.html
2014-08-09 17:42:32.454 Facing[35862:70b] ERROR: Compass Error: undefined
2014-08-09 17:42:33.450 Facing[35862:70b] ERROR: Compass Error: undefined
2014-08-09 17:42:34.453 Facing[35862:70b] ERROR: Compass Error: undefined
2014-08-09 17:42:35.452 Facing[35862:70b] ERROR: Compass Error: undefined
2014-08-09 17:42:36.452 Facing[35862:70b] ERROR: Compass Error: undefined
2014-08-09 17:42:37.452 Facing[35862:70b] ERROR: Compass Error: undefined
2014-08-09 17:42:38.454 Facing[35862:70b] ERROR: Compass Error: undefined
2014-08-09 17:42:39.452 Facing[35862:70b] ERROR: Compass Error: undefined
2014-08-09 17:42:40.452 Facing[35862:70b] ERROR: Compass Error: undefined
2014-08-09 17:42:41.455 Facing[35862:70b] ERROR: Compass Error: undefined
2014-08-09 17:42:42.453 Facing[35862:70b] ERROR: Compass Error: undefined
2014-08-09 17:42:43.454 Facing[35862:70b] ERROR: Compass Error: undefined
2014-08-09 17:42:44.455 Facing[35862:70b] ERROR: Compass Error: undefined
2014-08-09 17:42:45.455 Facing[35862:70b] ERROR: Compass Error: undefined
2014-08-09 17:42:46.455 Facing[35862:70b] ERROR: Compass Error: undefined
2014-08-09 17:42:47.456 Facing[35862:70b] ERROR: Compass Error: undefined
2014-08-09 17:42:48.458 Facing[35862:70b] ERROR: Compass Error: undefined
2014-08-09 17:42:49.456 Facing[35862:70b] ERROR: Compass Error: undefined
2014-08-09 17:42:50.456 Facing[35862:70b] ERROR: Compass Error: undefined
2014-08-09 17:42:51.456 Facing[35862:70b] ERROR: Compass Error: undefined
2014-08-09 17:42:52.456 Facing[35862:70b] ERROR: Compass Error: undefined
2014-08-09 17:42:53.456 Facing[35862:70b] ERROR: Compass Error: undefined
2014-08-09 17:42:54.456 Facing[35862:70b] ERROR: Compass Error: undefined
2014-08-09 17:42:55.458 Facing[35862:70b] ERROR: Compass Error: undefined
2014-08-09 17:42:56.456 Facing[35862:70b] ERROR: Compass Error: undefined
2014-08-09 17:42:57.456 Facing[35862:70b] ERROR: Compass Error: undefined
2014-08-09 17:42:58.456 Facing[35862:70b] ERROR: Compass Error: undefined
2014-08-09 17:42:59.457 Facing[35862:70b] ERROR: Compass Error: undefined
2014-08-09 17:43:00.456 Facing[35862:70b] ERROR: Compass Error: undefined
2014-08-09 17:43:01.456 Facing[35862:70b] ERROR: Compass Error: undefined
2014-08-09 17:43:02.458 Facing[35862:70b] ERROR: Compass Error: undefined
2014-08-09 17:43:03.457 Facing[35862:70b] ERROR: Compass Error: undefined
2014-08-09 17:43:04.458 Facing[35862:70b] ERROR: Compass Error: undefined
2014-08-09 17:43:05.461 Facing[35862:70b] ERROR: Compass Error: undefined
2014-08-09 17:43:06.458 Facing[35862:70b] ERROR: Compass Error: undefined
2014-08-09 17:43:07.458 Facing[35862:70b] ERROR: Compass Error: undefined
2014-08-09 17:43:07.627 Facing[35862:70b] locationManager::didFailWithError (null)
2014-08-09 17:43:08.458 Facing[35862:70b] ERROR: Compass Error: undefined
2014-08-09 17:43:09.459 Facing[35862:70b] ERROR: Compass Error: undefined
2014-08-09 17:43:10.459 Facing[35862:70b] ERROR: Compass Error: undefined
2014-08-09 17:43:11.458 Facing[35862:70b] ERROR: Compass Error: undefined
2014-08-09 17:43:12.462 Facing[35862:70b] ERROR: Compass Error: undefined
2014-08-09 17:43:13.459 Facing[35862:70b] ERROR: Compass Error: undefined
2014-08-09 17:43:14.459 Facing[35862:70b] ERROR: Compass Error: undefined
2014-08-09 17:43:15.460 Facing[35862:70b] ERROR: Compass Error: undefined
2014-08-09 17:43:16.460 Facing[35862:70b] ERROR: Compass Error: undefined
2014-08-09 17:43:17.460 Facing[35862:70b] ERROR: Compass Error: undefined
2014-08-09 17:43:18.460 Facing[35862:70b] ERROR: Compass Error: undefined
2014-08-09 17:43:19.462 Facing[35862:70b] ERROR: Compass Error: undefined
2014-08-09 17:43:20.461 Facing[35862:70b] ERROR: Compass Error: undefined
2014-08-09 17:43:21.462 Facing[35862:70b] ERROR: Compass Error: undefined
2014-08-09 17:43:22.462 Facing[35862:70b] ERROR: Compass Error: undefined
2014-08-09 17:43:23.464 Facing[35862:70b] ERROR: Compass Error: undefined
2014-08-09 17:43:24.463 Facing[35862:70b] ERROR: Compass Error: undefined
2014-08-09 17:43:25.463 Facing[35862:70b] ERROR: Compass Error: undefined
2014-08-09 17:43:26.467 Facing[35862:70b] ERROR: Compass Error: undefined
2014-08-09 17:43:27.464 Facing[35862:70b] ERROR: Compass Error: undefined
2014-08-09 17:43:28.465 Facing[35862:70b] ERROR: Compass Error: undefined
2014-08-09 17:43:29.465 Facing[35862:70b] ERROR: Compass Error: undefined
2014-08-09 17:43:30.466 Facing[35862:70b] ERROR: Compass Error: undefined
2014-08-09 17:43:31.466 Facing[35862:70b] ERROR: Compass Error: undefined
2014-08-09 17:43:32.467 Facing[35862:70b] ERROR: Compass Error: undefined
2014-08-09 17:43:33.471 Facing[35862:70b] ERROR: Compass Error: undefined
2014-08-09 17:43:34.468 Facing[35862:70b] ERROR: Compass Error: undefined
2014-08-09 17:43:35.467 Facing[35862:70b] ERROR: Compass Error: undefined
2014-08-09 17:43:36.469 Facing[35862:70b] ERROR: Compass Error: undefined
2014-08-09 17:43:37.471 Facing[35862:70b] ERROR: Compass Error: undefined
2014-08-09 17:43:37.477 Facing[35862:70b] ERROR: Geolocation Error: Position retrieval timed out.
2014-08-09 17:43:38.470 Facing[35862:70b] ERROR: Compass Error: undefined
2014-08-09 17:43:39.471 Facing[35862:70b] ERROR: Compass Error: undefined
2014-08-09 17:43:40.473 Facing[35862:70b] ERROR: Compass Error: undefined
2014-08-09 17:43:41.470 Facing[35862:70b] ERROR: Compass Error: undefined
2014-08-09 17:43:42.471 Facing[35862:70b] ERROR: Compass Error: undefined
2014-08-09 17:43:43.470 Facing[35862:70b] ERROR: Compass Error: undefined
2014-08-09 17:43:44.470 Facing[35862:70b] ERROR: Compass Error: undefined
2014-08-09 17:43:45.470 Facing[35862:70b] ERROR: Compass Error: undefined
2014-08-09 17:43:46.470 Facing[35862:70b] ERROR: Compass Error: undefined
2014-08-09 17:43:47.472 Facing[35862:70b] ERROR: Compass Error: undefined
2014-08-09 17:43:48.470 Facing[35862:70b] ERROR: Compass Error: undefined
2014-08-09 17:43:49.471 Facing[35862:70b] ERROR: Compass Error: undefined
2014-08-09 17:43:50.473 Facing[35862:70b] ERROR: Compass Error: undefined
2014-08-09 17:43:51.472 Facing[35862:70b] ERROR: Compass Error: undefined
2014-08-09 17:43:52.473 Facing[35862:70b] ERROR: Compass Error: undefined
2014-08-09 17:43:53.473 Facing[35862:70b] ERROR: Compass Error: undefined
2014-08-09 17:43:54.473 Facing[35862:70b] ERROR: Compass Error: undefined
2014-08-09 17:43:55.474 Facing[35862:70b] ERROR: Compass Error: undefined
2014-08-09 17:43:56.474 Facing[35862:70b] ERROR: Compass Error: undefined
2014-08-09 17:43:57.477 Facing[35862:70b] ERROR: Compass Error: undefined
2014-08-09 17:43:58.475 Facing[35862:70b] ERROR: Compass Error: undefined
2014-08-09 17:43:59.476 Facing[35862:70b] ERROR: Compass Error: undefined
2014-08-09 17:44:00.476 Facing[35862:70b] ERROR: Compass Error: undefined
2014-08-09 17:44:01.477 Facing[35862:70b] ERROR: Compass Error: undefined
2014-08-09 17:44:02.477 Facing[35862:70b] ERROR: Compass Error: undefined
2014-08-09 17:44:03.477 Facing[35862:70b] ERROR: Compass Error: undefined
2014-08-09 17:44:04.480 Facing[35862:70b] ERROR: Compass Error: undefined
2014-08-09 17:44:05.478 Facing[35862:70b] ERROR: Compass Error: undefined
2014-08-09 17:44:06.479 Facing[35862:70b] ERROR: Compass Error: undefined
2014-08-09 17:44:07.479 Facing[35862:70b] ERROR: Compass Error: undefined
2014-08-09 17:44:08.480 Facing[35862:70b] ERROR: Compass Error: undefined
2014-08-09 17:44:09.480 Facing[35862:70b] ERROR: Compass Error: undefined
2014-08-09 17:44:10.480 Facing[35862:70b] ERROR: Compass Error: undefined
2014-08-09 17:44:11.482 Facing[35862:70b] ERROR: Compass Error: undefined
2014-08-09 17:44:12.480 Facing[35862:70b] ERROR: Compass Error: undefined
2014-08-09 17:44:13.481 Facing[35862:70b] ERROR: Compass Error: undefined
2014-08-09 17:44:14.483 Facing[35862:70b] ERROR: Compass Error: undefined
2014-08-09 17:44:15.482 Facing[35862:70b] ERROR: Compass Error: undefined
2014-08-09 17:44:16.483 Facing[35862:70b] ERROR: Compass Error: undefined
2014-08-09 17:44:17.483 Facing[35862:70b] ERROR: Compass Error: undefined
2014-08-09 17:44:18.484 Facing[35862:70b] ERROR: Compass Error: undefined
2014-08-09 17:44:19.484 Facing[35862:70b] ERROR: Compass Error: undefined
2014-08-09 17:44:20.484 Facing[35862:70b] ERROR: Compass Error: undefined
2014-08-09 17:44:21.487 Facing[35862:70b] ERROR: Compass Error: undefined
2014-08-09 17:44:22.485 Facing[35862:70b] ERROR: Compass Error: undefined
2014-08-09 17:44:23.486 Facing[35862:70b] ERROR: Compass Error: undefined
objc[39678]: Class AXEmojiUtilities is implemented in both /Applications/Xcode.app/Contents/Developer/Platforms/iPhoneSimulator.platform/Developer/SDKs/iPhoneSimulator7.1.sdk/System/Library/PrivateFrameworks/AccessibilityUtilities.framework/AccessibilityUtilities and /Applications/Xcode.app/Contents/Developer/Platforms/iPhoneSimulator.platform/Developer/SDKs/iPhoneSimulator7.1.sdk/usr/lib/libAXSpeechManager.dylib. One of the two will be used. Which one is undefined.
2014-08-09 18:28:08.135 Facing[39678:70b] Cannot find executable for CFBundle 0xa7554e0 </Applications/Xcode.app/Contents/Developer/Platforms/iPhoneSimulator.platform/Developer/SDKs/iPhoneSimulator7.1.sdk/System/Library/AccessibilityBundles/CertUIFramework.axbundle> (not loaded)
2014-08-09 18:28:08.140 Facing[39678:70b] Cannot find executable for CFBundle 0xa84bb90 </Applications/Xcode.app/Contents/Developer/Platforms/iPhoneSimulator.platform/Developer/SDKs/iPhoneSimulator7.1.sdk/System/Library/AccessibilityBundles/GeoServices.axbundle> (not loaded)
2014-08-09 18:28:08.176 Facing[39678:70b] Multi-tasking -> Device: YES, App: YES
2014-08-09 18:28:08.182 Facing[39678:70b] Unlimited access to network resources
2014-08-09 18:28:08.185 Facing[39678:70b] 

Started backup to iCloud! Please be careful.
Your application might rejected by Apple if you store too much data.
For more information please read "iOS Data Storage Guidelines"
You could find it at the following address https://developer.apple.com/icloud/documentation/data-storage/ .

2014-08-09 18:28:08.214 Facing[39678:70b] WARNING: The splashscreen image named Default-Portrait was not found
2014-08-09 18:28:08.214 Facing[39678:70b] [CDVTimer][splashscreen] 13.083994ms
2014-08-09 18:28:08.214 Facing[39678:70b] [CDVTimer][TotalPluginStartup] 13.619006ms
2014-08-09 18:28:08.216 Facing[39678:70b] WARNING: The splashscreen image named Default-Portrait was not found
2014-08-09 18:28:08.218 Facing[39678:70b] WARNING: The splashscreen image named Default-Portrait was not found
2014-08-09 18:28:08.219 Facing[39678:70b] WARNING: The splashscreen image named Default-Portrait was not found
2014-08-09 18:28:08.256 Facing[39678:70b] Resetting plugins due to page load.
2014-08-09 18:28:08.411 Facing[39678:70b] Finished load of: file:///Users/manifestinteractive/Library/Application%20Support/iPhone%20Simulator/7.1/Applications/865DA0C8-A830-41F0-9BD9-F645020D6553/Facing.app/www/index.html
2014-08-09 18:28:15.928 Facing[39678:70b] Exception - Name: NSRangeException Reason: *** -[__NSArrayM objectAtIndex:]: index 0 beyond bounds for empty array
AB: Could not compile statement for query (ABCCopyArrayOfAllInstancesOfClassInSourceMatchingProperties):
SELECT ROWID, Name, ExternalIdentifier, Type, ConstraintsPath, ExternalModificationTag, ExternalSyncTag, AccountID, Enabled, SyncData, MeIdentifier, Capabilities FROM ABStore WHERE Enabled = ?;
2014-08-09 18:28:15.990 Facing[39678:70b] THREAD WARNING: ['Contacts'] took '64.891846' ms. Plugin should use a background thread.
AB: Could not compile statement for query (ABCCopyArrayOfAllInstancesOfClassInSourceMatchingProperties):
SELECT ROWID, Name, ExternalIdentifier, Type, ConstraintsPath, ExternalModificationTag, ExternalSyncTag, AccountID, Enabled, SyncData, MeIdentifier, Capabilities FROM ABStore WHERE Enabled = ?;
2014-08-09 18:28:20.457 Facing[39678:70b] The following contact has been selected:{"id":-1,"rawId":null,"displayName":null,"name":null,"nickname":null,"phoneNumbers":null,"emails":null,"addresses":null,"ims":null,"organizations":null,"birthday":null,"note":null,"photos":null,"categories":null,"urls":null}
2014-08-09 18:28:23.042 Facing[39678:70b] Exception - Name: NSRangeException Reason: *** -[__NSArrayM objectAtIndex:]: index 0 beyond bounds for empty array
2014-08-09 18:28:24.602 Facing[39678:70b] The following contact has been selected:{"id":-1,"rawId":null,"displayName":null,"name":null,"nickname":null,"phoneNumbers":null,"emails":null,"addresses":null,"ims":null,"organizations":null,"birthday":null,"note":null,"photos":null,"categories":null,"urls":null}
2014-08-09 18:28:25.876 Facing[39678:70b] Exception - Name: NSRangeException Reason: *** -[__NSArrayM objectAtIndex:]: index 0 beyond bounds for empty array
2014-08-09 18:28:27.372 Facing[39678:70b] The following contact has been selected:{"id":-1,"rawId":null,"displayName":null,"name":null,"nickname":null,"phoneNumbers":null,"emails":null,"addresses":null,"ims":null,"organizations":null,"birthday":null,"note":null,"photos":null,"categories":null,"urls":null}
2014-08-09 18:28:31.618 Facing[39678:70b] Exception - Name: NSRangeException Reason: *** -[__NSArrayM objectAtIndex:]: index 0 beyond bounds for empty array
2014-08-09 18:28:33.762 Facing[39678:70b] The following contact has been selected:{"id":-1,"rawId":null,"displayName":null,"name":null,"nickname":null,"phoneNumbers":null,"emails":null,"addresses":null,"ims":null,"organizations":null,"birthday":null,"note":null,"photos":null,"categories":null,"urls":null}
objc[40035]: Class AXEmojiUtilities is implemented in both /Applications/Xcode.app/Contents/Developer/Platforms/iPhoneSimulator.platform/Developer/SDKs/iPhoneSimulator7.1.sdk/System/Library/PrivateFrameworks/AccessibilityUtilities.framework/AccessibilityUtilities and /Applications/Xcode.app/Contents/Developer/Platforms/iPhoneSimulator.platform/Developer/SDKs/iPhoneSimulator7.1.sdk/usr/lib/libAXSpeechManager.dylib. One of the two will be used. Which one is undefined.
2014-08-09 18:29:24.350 Facing[40035:70b] Cannot find executable for CFBundle 0xad82a70 </Applications/Xcode.app/Contents/Developer/Platforms/iPhoneSimulator.platform/Developer/SDKs/iPhoneSimulator7.1.sdk/System/Library/AccessibilityBundles/GeoServices.axbundle> (not loaded)
2014-08-09 18:29:24.362 Facing[40035:70b] Cannot find executable for CFBundle 0xa979e10 </Applications/Xcode.app/Contents/Developer/Platforms/iPhoneSimulator.platform/Developer/SDKs/iPhoneSimulator7.1.sdk/System/Library/AccessibilityBundles/CertUIFramework.axbundle> (not loaded)
2014-08-09 18:29:24.396 Facing[40035:70b] Multi-tasking -> Device: YES, App: YES
2014-08-09 18:29:24.409 Facing[40035:70b] Unlimited access to network resources
2014-08-09 18:29:24.412 Facing[40035:70b] 

Started backup to iCloud! Please be careful.
Your application might rejected by Apple if you store too much data.
For more information please read "iOS Data Storage Guidelines"
You could find it at the following address https://developer.apple.com/icloud/documentation/data-storage/ .

2014-08-09 18:29:24.445 Facing[40035:70b] WARNING: The splashscreen image named Default-Portrait was not found
2014-08-09 18:29:24.446 Facing[40035:70b] [CDVTimer][splashscreen] 13.016999ms
2014-08-09 18:29:24.446 Facing[40035:70b] [CDVTimer][TotalPluginStartup] 13.536990ms
2014-08-09 18:29:24.455 Facing[40035:70b] WARNING: The splashscreen image named Default-Portrait was not found
2014-08-09 18:29:24.458 Facing[40035:70b] WARNING: The splashscreen image named Default-Portrait was not found
2014-08-09 18:29:24.460 Facing[40035:70b] WARNING: The splashscreen image named Default-Portrait was not found
2014-08-09 18:29:24.568 Facing[40035:70b] Resetting plugins due to page load.
2014-08-09 18:29:24.716 Facing[40035:70b] Finished load of: file:///Users/manifestinteractive/Library/Application%20Support/iPhone%20Simulator/7.1/Applications/2BC16225-800B-4107-A2FF-FDDE032BED4D/Facing.app/www/index.html
2014-08-09 18:29:26.955 Facing[40035:70b] Exception - Name: NSRangeException Reason: *** -[__NSArrayM objectAtIndex:]: index 0 beyond bounds for empty array
2014-08-09 18:29:26.974 Facing[40035:70b] THREAD WARNING: ['Contacts'] took '19.299072' ms. Plugin should use a background thread.
2014-08-09 18:29:28.725 Facing[40035:70b] The following contact has been selected:{"id":1,"rawId":null,"displayName":null,"name":{"givenName":"Peter","formatted":"Peter Schmalfeldt","middleName":null,"familyName":"Schmalfeldt","honorificPrefix":null,"honorificSuffix":null},"nickname":null,"phoneNumbers":null,"emails":null,"addresses":null,"ims":null,"organizations":null,"birthday":null,"note":null,"photos":null,"categories":null,"urls":null}
2014-08-09 18:29:47.861 Facing[40035:70b] Exception - Name: NSRangeException Reason: *** -[__NSArrayM objectAtIndex:]: index 0 beyond bounds for empty array
2014-08-09 18:29:47.871 Facing[40035:70b] THREAD WARNING: ['Contacts'] took '10.132812' ms. Plugin should use a background thread.
2014-08-09 18:29:49.612 Facing[40035:70b] The following contact has been selected:{"id":1,"rawId":null,"displayName":null,"name":{"givenName":"Peter","formatted":"Peter Schmalfeldt","middleName":null,"familyName":"Schmalfeldt","honorificPrefix":null,"honorificSuffix":null},"nickname":null,"phoneNumbers":null,"emails":null,"addresses":null,"ims":null,"organizations":null,"birthday":null,"note":null,"photos":null,"categories":null,"urls":null}
2014-08-09 18:30:59.402 Facing[40035:70b] Exception - Name: NSRangeException Reason: *** -[__NSArrayM objectAtIndex:]: index 0 beyond bounds for empty array
2014-08-09 18:31:00.582 Facing[40035:70b] The following contact has been selected:{"id":1,"rawId":null,"displayName":null,"name":{"givenName":"Peter","formatted":"Peter Schmalfeldt","middleName":null,"familyName":"Schmalfeldt","honorificPrefix":null,"honorificSuffix":null},"nickname":null,"phoneNumbers":null,"emails":null,"addresses":null,"ims":null,"organizations":null,"birthday":null,"note":null,"photos":[{"pref":"false","value":"/Users/manifestinteractive/Library/Application Support/iPhone Simulator/7.1/Applications/2BC16225-800B-4107-A2FF-FDDE032BED4D/tmp/photo_dMggg","type":"url"}],"categories":null,"urls":null}
objc[40519]: Class AXEmojiUtilities is implemented in both /Applications/Xcode.app/Contents/Developer/Platforms/iPhoneSimulator.platform/Developer/SDKs/iPhoneSimulator7.1.sdk/System/Library/PrivateFrameworks/AccessibilityUtilities.framework/AccessibilityUtilities and /Applications/Xcode.app/Contents/Developer/Platforms/iPhoneSimulator.platform/Developer/SDKs/iPhoneSimulator7.1.sdk/usr/lib/libAXSpeechManager.dylib. One of the two will be used. Which one is undefined.
2014-08-09 18:32:31.930 Facing[40519:70b] Cannot find executable for CFBundle 0xab86740 </Applications/Xcode.app/Contents/Developer/Platforms/iPhoneSimulator.platform/Developer/SDKs/iPhoneSimulator7.1.sdk/System/Library/AccessibilityBundles/CertUIFramework.axbundle> (not loaded)
2014-08-09 18:32:31.936 Facing[40519:70b] Cannot find executable for CFBundle 0xa8ad5d0 </Applications/Xcode.app/Contents/Developer/Platforms/iPhoneSimulator.platform/Developer/SDKs/iPhoneSimulator7.1.sdk/System/Library/AccessibilityBundles/GeoServices.axbundle> (not loaded)
2014-08-09 18:32:31.967 Facing[40519:70b] Multi-tasking -> Device: YES, App: YES
2014-08-09 18:32:31.975 Facing[40519:70b] Unlimited access to network resources
2014-08-09 18:32:31.978 Facing[40519:70b] 

Started backup to iCloud! Please be careful.
Your application might rejected by Apple if you store too much data.
For more information please read "iOS Data Storage Guidelines"
You could find it at the following address https://developer.apple.com/icloud/documentation/data-storage/ .

2014-08-09 18:32:32.003 Facing[40519:70b] WARNING: The splashscreen image named Default-Portrait was not found
2014-08-09 18:32:32.003 Facing[40519:70b] [CDVTimer][splashscreen] 8.695006ms
2014-08-09 18:32:32.003 Facing[40519:70b] [CDVTimer][TotalPluginStartup] 9.110987ms
2014-08-09 18:32:32.005 Facing[40519:70b] WARNING: The splashscreen image named Default-Portrait was not found
2014-08-09 18:32:32.007 Facing[40519:70b] WARNING: The splashscreen image named Default-Portrait was not found
2014-08-09 18:32:32.008 Facing[40519:70b] WARNING: The splashscreen image named Default-Portrait was not found
2014-08-09 18:32:32.038 Facing[40519:70b] Resetting plugins due to page load.
2014-08-09 18:32:32.155 Facing[40519:70b] Finished load of: file:///Users/manifestinteractive/Library/Application%20Support/iPhone%20Simulator/7.1/Applications/2BC16225-800B-4107-A2FF-FDDE032BED4D/Facing.app/www/index.html
2014-08-09 18:59:39.802 Facing[40519:70b] Exception - Name: NSRangeException Reason: *** -[__NSArrayM objectAtIndex:]: index 0 beyond bounds for empty array
2014-08-09 18:59:39.821 Facing[40519:70b] THREAD WARNING: ['Contacts'] took '19.487061' ms. Plugin should use a background thread.
2014-08-09 18:59:40.993 Facing[40519:70b] The following contact has been selected:{"id":1,"rawId":null,"displayName":null,"name":{"givenName":"Peter","formatted":"Peter Schmalfeldt","middleName":null,"familyName":"Schmalfeldt","honorificPrefix":null,"honorificSuffix":null},"nickname":null,"phoneNumbers":null,"emails":null,"addresses":null,"ims":null,"organizations":null,"birthday":null,"note":null,"photos":[{"pref":"false","value":"/Users/manifestinteractive/Library/Application Support/iPhone Simulator/7.1/Applications/2BC16225-800B-4107-A2FF-FDDE032BED4D/tmp/photo_mZ1Sn","type":"url"}],"categories":null,"urls":null}
